{"/Users/uche/Documents/CODE/Involink genera/involink_backend/src/lib/invoiceMath.js": {"path":"/Users/uche/Documents/CODE/Involink genera/involink_backend/src/lib/invoiceMath.js","all":false,"statementMap":{"0":{"start":{"line":1,"column":0},"end":{"line":1,"column":73}},"2":{"start":{"line":3,"column":0},"end":{"line":3,"column":61}},"3":{"start":{"line":4,"column":0},"end":{"line":4,"column":48}},"4":{"start":{"line":5,"column":0},"end":{"line":5,"column":47}},"5":{"start":{"line":6,"column":0},"end":{"line":6,"column":44}},"6":{"start":{"line":7,"column":0},"end":{"line":7,"column":52}},"7":{"start":{"line":8,"column":0},"end":{"line":8,"column":33}},"8":{"start":{"line":9,"column":0},"end":{"line":9,"column":69}},"9":{"start":{"line":10,"column":0},"end":{"line":10,"column":31}},"10":{"start":{"line":11,"column":0},"end":{"line":11,"column":8}},"12":{"start":{"line":13,"column":0},"end":{"line":13,"column":73}},"13":{"start":{"line":14,"column":0},"end":{"line":14,"column":31}},"15":{"start":{"line":16,"column":0},"end":{"line":16,"column":10}},"16":{"start":{"line":17,"column":0},"end":{"line":17,"column":47}},"17":{"start":{"line":18,"column":0},"end":{"line":18,"column":37}},"18":{"start":{"line":19,"column":0},"end":{"line":19,"column":41}},"19":{"start":{"line":20,"column":0},"end":{"line":20,"column":4}},"20":{"start":{"line":21,"column":0},"end":{"line":21,"column":1}},"22":{"start":{"line":23,"column":0},"end":{"line":23,"column":31}},"23":{"start":{"line":24,"column":0},"end":{"line":24,"column":52}},"24":{"start":{"line":25,"column":0},"end":{"line":25,"column":48}},"25":{"start":{"line":26,"column":0},"end":{"line":26,"column":3}},"26":{"start":{"line":27,"column":0},"end":{"line":27,"column":42}},"27":{"start":{"line":28,"column":0},"end":{"line":28,"column":26}},"28":{"start":{"line":29,"column":0},"end":{"line":29,"column":96}},"29":{"start":{"line":30,"column":0},"end":{"line":30,"column":54}},"30":{"start":{"line":31,"column":0},"end":{"line":31,"column":5}},"31":{"start":{"line":32,"column":0},"end":{"line":32,"column":43}},"32":{"start":{"line":33,"column":0},"end":{"line":33,"column":35}},"33":{"start":{"line":34,"column":0},"end":{"line":34,"column":54}},"34":{"start":{"line":35,"column":0},"end":{"line":35,"column":71}},"35":{"start":{"line":36,"column":0},"end":{"line":36,"column":5}},"36":{"start":{"line":37,"column":0},"end":{"line":37,"column":45}},"37":{"start":{"line":38,"column":0},"end":{"line":38,"column":75}},"38":{"start":{"line":39,"column":0},"end":{"line":39,"column":5}},"39":{"start":{"line":40,"column":0},"end":{"line":40,"column":88}},"40":{"start":{"line":41,"column":0},"end":{"line":41,"column":45}},"41":{"start":{"line":42,"column":0},"end":{"line":42,"column":73}},"42":{"start":{"line":43,"column":0},"end":{"line":43,"column":76}},"43":{"start":{"line":44,"column":0},"end":{"line":44,"column":7}},"44":{"start":{"line":45,"column":0},"end":{"line":45,"column":5}},"45":{"start":{"line":46,"column":0},"end":{"line":46,"column":3}},"46":{"start":{"line":47,"column":0},"end":{"line":47,"column":14}},"47":{"start":{"line":48,"column":0},"end":{"line":48,"column":1}},"49":{"start":{"line":50,"column":0},"end":{"line":50,"column":93}},"50":{"start":{"line":51,"column":0},"end":{"line":51,"column":47}},"51":{"start":{"line":52,"column":0},"end":{"line":52,"column":18}},"52":{"start":{"line":53,"column":0},"end":{"line":53,"column":26}},"53":{"start":{"line":54,"column":0},"end":{"line":54,"column":60}},"54":{"start":{"line":55,"column":0},"end":{"line":55,"column":16}},"55":{"start":{"line":56,"column":0},"end":{"line":56,"column":43}},"56":{"start":{"line":57,"column":0},"end":{"line":57,"column":5}},"57":{"start":{"line":58,"column":0},"end":{"line":58,"column":3}},"58":{"start":{"line":59,"column":0},"end":{"line":59,"column":51}},"59":{"start":{"line":60,"column":0},"end":{"line":60,"column":1}},"61":{"start":{"line":62,"column":0},"end":{"line":62,"column":78}}},"s":{"0":3,"2":8,"3":8,"4":10,"5":10,"6":10,"7":10,"8":10,"9":10,"10":8,"12":8,"13":7,"15":7,"16":7,"17":7,"18":7,"19":7,"20":7,"22":17,"23":17,"24":3,"25":3,"26":14,"27":14,"28":14,"29":2,"30":2,"31":12,"32":12,"33":14,"34":4,"35":4,"36":14,"37":2,"38":2,"39":14,"40":4,"41":4,"42":1,"43":1,"44":1,"45":1,"46":1,"47":1,"49":1,"50":5,"51":5,"52":5,"53":3,"54":3,"55":2,"56":2,"57":3,"58":5,"59":5,"61":1},"branchMap":{"0":{"type":"branch","line":1,"loc":{"start":{"line":1,"column":0},"end":{"line":54,"column":52}},"locations":[{"start":{"line":1,"column":0},"end":{"line":54,"column":52}}]},"1":{"type":"branch","line":1,"loc":{"start":{"line":1,"column":0},"end":{"line":13,"column":49}},"locations":[{"start":{"line":1,"column":0},"end":{"line":13,"column":49}}]},"2":{"type":"branch","line":7,"loc":{"start":{"line":7,"column":10},"end":{"line":8,"column":9}},"locations":[{"start":{"line":7,"column":10},"end":{"line":8,"column":9}}]},"3":{"type":"branch","line":7,"loc":{"start":{"line":7,"column":49},"end":{"line":8,"column":4}},"locations":[{"start":{"line":7,"column":49},"end":{"line":8,"column":4}}]},"4":{"type":"branch","line":8,"loc":{"start":{"line":8,"column":4},"end":{"line":8,"column":9}},"locations":[{"start":{"line":8,"column":4},"end":{"line":8,"column":9}}]},"5":{"type":"branch","line":1,"loc":{"start":{"line":1,"column":0},"end":{"line":6,"column":28}},"locations":[{"start":{"line":1,"column":0},"end":{"line":6,"column":28}}]},"6":{"type":"branch","line":1,"loc":{"start":{"line":1,"column":16},"end":{"line":1,"column":28}},"locations":[{"start":{"line":1,"column":16},"end":{"line":1,"column":28}}]},"7":{"type":"branch","line":1,"loc":{"start":{"line":1,"column":64},"end":{"line":1,"column":72}},"locations":[{"start":{"line":1,"column":64},"end":{"line":1,"column":72}}]},"8":{"type":"branch","line":3,"loc":{"start":{"line":3,"column":39},"end":{"line":3,"column":49}},"locations":[{"start":{"line":3,"column":39},"end":{"line":3,"column":49}}]},"9":{"type":"branch","line":3,"loc":{"start":{"line":3,"column":0},"end":{"line":21,"column":1}},"locations":[{"start":{"line":3,"column":0},"end":{"line":21,"column":1}}]},"10":{"type":"branch","line":13,"loc":{"start":{"line":13,"column":25},"end":{"line":13,"column":68}},"locations":[{"start":{"line":13,"column":25},"end":{"line":13,"column":68}}]},"11":{"type":"branch","line":13,"loc":{"start":{"line":13,"column":59},"end":{"line":13,"column":67}},"locations":[{"start":{"line":13,"column":59},"end":{"line":13,"column":67}}]},"12":{"type":"branch","line":13,"loc":{"start":{"line":13,"column":69},"end":{"line":13,"column":72}},"locations":[{"start":{"line":13,"column":69},"end":{"line":13,"column":72}}]},"13":{"type":"branch","line":4,"loc":{"start":{"line":4,"column":32},"end":{"line":11,"column":3}},"locations":[{"start":{"line":4,"column":32},"end":{"line":11,"column":3}}]},"14":{"type":"branch","line":5,"loc":{"start":{"line":5,"column":42},"end":{"line":5,"column":46}},"locations":[{"start":{"line":5,"column":42},"end":{"line":5,"column":46}}]},"15":{"type":"branch","line":6,"loc":{"start":{"line":6,"column":39},"end":{"line":6,"column":43}},"locations":[{"start":{"line":6,"column":39},"end":{"line":6,"column":43}}]},"16":{"type":"branch","line":7,"loc":{"start":{"line":7,"column":47},"end":{"line":7,"column":51}},"locations":[{"start":{"line":7,"column":47},"end":{"line":7,"column":51}}]},"17":{"type":"branch","line":13,"loc":{"start":{"line":13,"column":39},"end":{"line":41,"column":20}},"locations":[{"start":{"line":13,"column":39},"end":{"line":41,"column":20}}]},"18":{"type":"branch","line":17,"loc":{"start":{"line":17,"column":4},"end":{"line":18,"column":19}},"locations":[{"start":{"line":17,"column":4},"end":{"line":18,"column":19}}]},"19":{"type":"branch","line":23,"loc":{"start":{"line":23,"column":23},"end":{"line":24,"column":36}},"locations":[{"start":{"line":23,"column":23},"end":{"line":24,"column":36}}]},"20":{"type":"branch","line":24,"loc":{"start":{"line":24,"column":31},"end":{"line":25,"column":10}},"locations":[{"start":{"line":24,"column":31},"end":{"line":25,"column":10}}]},"21":{"type":"branch","line":25,"loc":{"start":{"line":25,"column":4},"end":{"line":27,"column":17}},"locations":[{"start":{"line":25,"column":4},"end":{"line":27,"column":17}}]},"22":{"type":"branch","line":27,"loc":{"start":{"line":27,"column":17},"end":{"line":29,"column":64}},"locations":[{"start":{"line":27,"column":17},"end":{"line":29,"column":64}}]},"23":{"type":"branch","line":29,"loc":{"start":{"line":29,"column":58},"end":{"line":29,"column":86}},"locations":[{"start":{"line":29,"column":58},"end":{"line":29,"column":86}}]},"24":{"type":"branch","line":29,"loc":{"start":{"line":29,"column":75},"end":{"line":32,"column":2}},"locations":[{"start":{"line":29,"column":75},"end":{"line":32,"column":2}}]},"25":{"type":"branch","line":32,"loc":{"start":{"line":32,"column":1},"end":{"line":33,"column":2}},"locations":[{"start":{"line":32,"column":1},"end":{"line":33,"column":2}}]},"26":{"type":"branch","line":33,"loc":{"start":{"line":33,"column":2},"end":{"line":34,"column":49}},"locations":[{"start":{"line":33,"column":2},"end":{"line":34,"column":49}}]},"27":{"type":"branch","line":34,"loc":{"start":{"line":34,"column":49},"end":{"line":35,"column":62}},"locations":[{"start":{"line":34,"column":49},"end":{"line":35,"column":62}}]},"28":{"type":"branch","line":35,"loc":{"start":{"line":35,"column":55},"end":{"line":37,"column":2}},"locations":[{"start":{"line":35,"column":55},"end":{"line":37,"column":2}}]},"29":{"type":"branch","line":37,"loc":{"start":{"line":37,"column":3},"end":{"line":40,"column":86}},"locations":[{"start":{"line":37,"column":3},"end":{"line":40,"column":86}}]},"30":{"type":"branch","line":39,"loc":{"start":{"line":39,"column":1},"end":{"line":40,"column":80}},"locations":[{"start":{"line":39,"column":1},"end":{"line":40,"column":80}}]},"31":{"type":"branch","line":41,"loc":{"start":{"line":41,"column":1},"end":{"line":41,"column":20}},"locations":[{"start":{"line":41,"column":1},"end":{"line":41,"column":20}}]},"32":{"type":"branch","line":23,"loc":{"start":{"line":23,"column":0},"end":{"line":48,"column":1}},"locations":[{"start":{"line":23,"column":0},"end":{"line":48,"column":1}}]},"33":{"type":"branch","line":24,"loc":{"start":{"line":24,"column":28},"end":{"line":24,"column":49}},"locations":[{"start":{"line":24,"column":28},"end":{"line":24,"column":49}}]},"34":{"type":"branch","line":24,"loc":{"start":{"line":24,"column":51},"end":{"line":26,"column":3}},"locations":[{"start":{"line":24,"column":51},"end":{"line":26,"column":3}}]},"35":{"type":"branch","line":26,"loc":{"start":{"line":26,"column":2},"end":{"line":46,"column":3}},"locations":[{"start":{"line":26,"column":2},"end":{"line":46,"column":3}}]},"36":{"type":"branch","line":29,"loc":{"start":{"line":29,"column":26},"end":{"line":29,"column":65}},"locations":[{"start":{"line":29,"column":26},"end":{"line":29,"column":65}}]},"37":{"type":"branch","line":29,"loc":{"start":{"line":29,"column":66},"end":{"line":29,"column":93}},"locations":[{"start":{"line":29,"column":66},"end":{"line":29,"column":93}}]},"38":{"type":"branch","line":29,"loc":{"start":{"line":29,"column":95},"end":{"line":31,"column":5}},"locations":[{"start":{"line":29,"column":95},"end":{"line":31,"column":5}}]},"39":{"type":"branch","line":31,"loc":{"start":{"line":31,"column":4},"end":{"line":34,"column":35}},"locations":[{"start":{"line":31,"column":4},"end":{"line":34,"column":35}}]},"40":{"type":"branch","line":34,"loc":{"start":{"line":34,"column":35},"end":{"line":34,"column":51}},"locations":[{"start":{"line":34,"column":35},"end":{"line":34,"column":51}}]},"41":{"type":"branch","line":34,"loc":{"start":{"line":34,"column":53},"end":{"line":36,"column":5}},"locations":[{"start":{"line":34,"column":53},"end":{"line":36,"column":5}}]},"42":{"type":"branch","line":36,"loc":{"start":{"line":36,"column":4},"end":{"line":37,"column":31}},"locations":[{"start":{"line":36,"column":4},"end":{"line":37,"column":31}}]},"43":{"type":"branch","line":37,"loc":{"start":{"line":37,"column":31},"end":{"line":37,"column":42}},"locations":[{"start":{"line":37,"column":31},"end":{"line":37,"column":42}}]},"44":{"type":"branch","line":37,"loc":{"start":{"line":37,"column":44},"end":{"line":39,"column":5}},"locations":[{"start":{"line":37,"column":44},"end":{"line":39,"column":5}}]},"45":{"type":"branch","line":39,"loc":{"start":{"line":39,"column":4},"end":{"line":40,"column":36}},"locations":[{"start":{"line":39,"column":4},"end":{"line":40,"column":36}}]},"46":{"type":"branch","line":40,"loc":{"start":{"line":40,"column":36},"end":{"line":40,"column":61}},"locations":[{"start":{"line":40,"column":36},"end":{"line":40,"column":61}}]},"47":{"type":"branch","line":40,"loc":{"start":{"line":40,"column":62},"end":{"line":40,"column":85}},"locations":[{"start":{"line":40,"column":62},"end":{"line":40,"column":85}}]},"48":{"type":"branch","line":40,"loc":{"start":{"line":40,"column":87},"end":{"line":45,"column":5}},"locations":[{"start":{"line":40,"column":87},"end":{"line":45,"column":5}}]},"49":{"type":"branch","line":42,"loc":{"start":{"line":42,"column":37},"end":{"line":42,"column":52}},"locations":[{"start":{"line":42,"column":37},"end":{"line":42,"column":52}}]},"50":{"type":"branch","line":42,"loc":{"start":{"line":42,"column":53},"end":{"line":42,"column":70}},"locations":[{"start":{"line":42,"column":53},"end":{"line":42,"column":70}}]},"51":{"type":"branch","line":42,"loc":{"start":{"line":42,"column":72},"end":{"line":44,"column":7}},"locations":[{"start":{"line":42,"column":72},"end":{"line":44,"column":7}}]},"52":{"type":"branch","line":46,"loc":{"start":{"line":46,"column":2},"end":{"line":48,"column":1}},"locations":[{"start":{"line":46,"column":2},"end":{"line":48,"column":1}}]},"53":{"type":"branch","line":42,"loc":{"start":{"line":42,"column":67},"end":{"line":52,"column":17}},"locations":[{"start":{"line":42,"column":67},"end":{"line":52,"column":17}}]},"54":{"type":"branch","line":51,"loc":{"start":{"line":51,"column":0},"end":{"line":60,"column":1}},"locations":[{"start":{"line":51,"column":0},"end":{"line":60,"column":1}}]},"55":{"type":"branch","line":53,"loc":{"start":{"line":53,"column":25},"end":{"line":58,"column":3}},"locations":[{"start":{"line":53,"column":25},"end":{"line":58,"column":3}}]},"56":{"type":"branch","line":55,"loc":{"start":{"line":55,"column":15},"end":{"line":57,"column":5}},"locations":[{"start":{"line":55,"column":15},"end":{"line":57,"column":5}}]}},"b":{"0":[5],"1":[3],"2":[2],"3":[0],"4":[1],"5":[3],"6":[0],"7":[0],"8":[0],"9":[8],"10":[5],"11":[1],"12":[3],"13":[10],"14":[1],"15":[1],"16":[6],"17":[7],"18":[0],"19":[6],"20":[6],"21":[1],"22":[6],"23":[5],"24":[1],"25":[5],"26":[0],"27":[5],"28":[5],"29":[5],"30":[0],"31":[5],"32":[17],"33":[15],"34":[3],"35":[14],"36":[13],"37":[13],"38":[2],"39":[12],"40":[11],"41":[4],"42":[8],"43":[7],"44":[2],"45":[6],"46":[4],"47":[4],"48":[4],"49":[3],"50":[2],"51":[3],"52":[3],"53":[1],"54":[5],"55":[3],"56":[2]},"fnMap":{"0":{"name":"calculateInvoiceTotals","decl":{"start":{"line":1,"column":0},"end":{"line":13,"column":49}},"loc":{"start":{"line":1,"column":0},"end":{"line":13,"column":49}},"line":1},"1":{"name":"calculateInvoiceTotals","decl":{"start":{"line":3,"column":0},"end":{"line":21,"column":1}},"loc":{"start":{"line":3,"column":0},"end":{"line":21,"column":1}},"line":3},"2":{"name":"validateItems","decl":{"start":{"line":13,"column":39},"end":{"line":41,"column":20}},"loc":{"start":{"line":13,"column":39},"end":{"line":41,"column":20}},"line":13},"3":{"name":"validateItems","decl":{"start":{"line":23,"column":0},"end":{"line":48,"column":1}},"loc":{"start":{"line":23,"column":0},"end":{"line":48,"column":1}},"line":23},"4":{"name":"nextInvoiceNumber","decl":{"start":{"line":42,"column":67},"end":{"line":52,"column":17}},"loc":{"start":{"line":42,"column":67},"end":{"line":52,"column":17}},"line":42},"5":{"name":"nextInvoiceNumber","decl":{"start":{"line":51,"column":0},"end":{"line":60,"column":1}},"loc":{"start":{"line":51,"column":0},"end":{"line":60,"column":1}},"line":51}},"f":{"0":3,"1":8,"2":7,"3":17,"4":1,"5":5}}
,"/Users/uche/Documents/CODE/Involink genera/involink_backend/src/lib/supabase.js": {"path":"/Users/uche/Documents/CODE/Involink genera/involink_backend/src/lib/supabase.js","all":true,"statementMap":{"0":{"start":{"line":1,"column":0},"end":{"line":1,"column":58}},"1":{"start":{"line":2,"column":0},"end":{"line":2,"column":0}},"2":{"start":{"line":3,"column":0},"end":{"line":3,"column":45}},"3":{"start":{"line":4,"column":0},"end":{"line":4,"column":54}},"4":{"start":{"line":5,"column":0},"end":{"line":5,"column":0}},"5":{"start":{"line":6,"column":0},"end":{"line":6,"column":39}},"6":{"start":{"line":7,"column":0},"end":{"line":7,"column":58}},"7":{"start":{"line":8,"column":0},"end":{"line":8,"column":1}},"8":{"start":{"line":9,"column":0},"end":{"line":9,"column":0}},"9":{"start":{"line":10,"column":0},"end":{"line":10,"column":61}},"10":{"start":{"line":11,"column":0},"end":{"line":11,"column":33}},"11":{"start":{"line":12,"column":0},"end":{"line":12,"column":3}},"12":{"start":{"line":13,"column":0},"end":{"line":13,"column":83}},"13":{"start":{"line":14,"column":0},"end":{"line":14,"column":33}},"14":{"start":{"line":15,"column":0},"end":{"line":15,"column":3}},"15":{"start":{"line":16,"column":0},"end":{"line":16,"column":0}},"16":{"start":{"line":17,"column":0},"end":{"line":17,"column":45}}},"s":{"0":0,"1":0,"2":0,"3":0,"4":0,"5":0,"6":0,"7":0,"8":0,"9":0,"10":0,"11":0,"12":0,"13":0,"14":0,"15":0,"16":0},"branchMap":{"0":{"type":"branch","line":1,"loc":{"start":{"line":1,"column":0},"end":{"line":17,"column":45}},"locations":[{"start":{"line":1,"column":0},"end":{"line":17,"column":45}}]}},"b":{"0":[0]},"fnMap":{"0":{"name":"(empty-report)","decl":{"start":{"line":1,"column":0},"end":{"line":17,"column":45}},"loc":{"start":{"line":1,"column":0},"end":{"line":17,"column":45}},"line":1}},"f":{"0":0}}
,"/Users/uche/Documents/CODE/Involink genera/involink_backend/src/middleware/auth.js": {"path":"/Users/uche/Documents/CODE/Involink genera/involink_backend/src/middleware/auth.js","all":false,"statementMap":{"0":{"start":{"line":1,"column":0},"end":{"line":1,"column":36}},"1":{"start":{"line":2,"column":0},"end":{"line":2,"column":0}},"2":{"start":{"line":3,"column":0},"end":{"line":3,"column":47}},"3":{"start":{"line":4,"column":0},"end":{"line":4,"column":50}},"4":{"start":{"line":5,"column":0},"end":{"line":5,"column":55}},"5":{"start":{"line":6,"column":0},"end":{"line":6,"column":0}},"6":{"start":{"line":7,"column":0},"end":{"line":7,"column":15}},"7":{"start":{"line":8,"column":0},"end":{"line":8,"column":68}},"8":{"start":{"line":9,"column":0},"end":{"line":9,"column":3}},"9":{"start":{"line":10,"column":0},"end":{"line":10,"column":0}},"10":{"start":{"line":11,"column":0},"end":{"line":11,"column":60}},"11":{"start":{"line":12,"column":0},"end":{"line":12,"column":14}},"12":{"start":{"line":13,"column":0},"end":{"line":13,"column":73}},"13":{"start":{"line":14,"column":0},"end":{"line":14,"column":5}},"14":{"start":{"line":15,"column":0},"end":{"line":15,"column":20}},"15":{"start":{"line":16,"column":0},"end":{"line":16,"column":11}},"16":{"start":{"line":17,"column":0},"end":{"line":17,"column":5}},"17":{"start":{"line":18,"column":0},"end":{"line":18,"column":2}},"18":{"start":{"line":19,"column":0},"end":{"line":19,"column":0}},"19":{"start":{"line":20,"column":0},"end":{"line":20,"column":39}}},"s":{"0":5,"1":5,"2":5,"3":41,"4":41,"5":41,"6":41,"7":2,"8":2,"9":39,"10":39,"11":39,"12":1,"13":1,"14":38,"15":38,"16":39,"17":5,"18":5,"19":5},"branchMap":{"0":{"type":"branch","line":1,"loc":{"start":{"line":1,"column":0},"end":{"line":20,"column":39}},"locations":[{"start":{"line":1,"column":0},"end":{"line":20,"column":39}}]},"1":{"type":"branch","line":3,"loc":{"start":{"line":3,"column":26},"end":{"line":18,"column":1}},"locations":[{"start":{"line":3,"column":26},"end":{"line":18,"column":1}}]},"2":{"type":"branch","line":5,"loc":{"start":{"line":5,"column":27},"end":{"line":5,"column":54}},"locations":[{"start":{"line":5,"column":27},"end":{"line":5,"column":54}}]},"3":{"type":"branch","line":7,"loc":{"start":{"line":7,"column":14},"end":{"line":9,"column":3}},"locations":[{"start":{"line":7,"column":14},"end":{"line":9,"column":3}}]},"4":{"type":"branch","line":10,"loc":{"start":{"line":10,"column":-1},"end":{"line":18,"column":0}},"locations":[{"start":{"line":10,"column":-1},"end":{"line":18,"column":0}}]},"5":{"type":"branch","line":11,"loc":{"start":{"line":11,"column":44},"end":{"line":17,"column":3}},"locations":[{"start":{"line":11,"column":44},"end":{"line":17,"column":3}}]},"6":{"type":"branch","line":12,"loc":{"start":{"line":12,"column":13},"end":{"line":14,"column":5}},"locations":[{"start":{"line":12,"column":13},"end":{"line":14,"column":5}}]},"7":{"type":"branch","line":15,"loc":{"start":{"line":15,"column":-1},"end":{"line":17,"column":2}},"locations":[{"start":{"line":15,"column":-1},"end":{"line":17,"column":2}}]}},"b":{"0":[5],"1":[41],"2":[39],"3":[2],"4":[39],"5":[39],"6":[1],"7":[38]},"fnMap":{"0":{"name":"authenticateToken","decl":{"start":{"line":3,"column":26},"end":{"line":18,"column":1}},"loc":{"start":{"line":3,"column":26},"end":{"line":18,"column":1}},"line":3}},"f":{"0":41}}
,"/Users/uche/Documents/CODE/Involink genera/involink_backend/src/routes/auth.js": {"path":"/Users/uche/Documents/CODE/Involink genera/involink_backend/src/routes/auth.js","all":false,"statementMap":{"0":{"start":{"line":1,"column":0},"end":{"line":1,"column":35}},"1":{"start":{"line":2,"column":0},"end":{"line":2,"column":35}},"2":{"start":{"line":3,"column":0},"end":{"line":3,"column":36}},"3":{"start":{"line":4,"column":0},"end":{"line":4,"column":53}},"4":{"start":{"line":5,"column":0},"end":{"line":5,"column":41}},"5":{"start":{"line":6,"column":0},"end":{"line":6,"column":0}},"6":{"start":{"line":7,"column":0},"end":{"line":7,"column":48}},"7":{"start":{"line":8,"column":0},"end":{"line":8,"column":19}},"8":{"start":{"line":9,"column":0},"end":{"line":9,"column":9}},"9":{"start":{"line":10,"column":0},"end":{"line":10,"column":32}},"10":{"start":{"line":11,"column":0},"end":{"line":11,"column":31}},"11":{"start":{"line":12,"column":0},"end":{"line":12,"column":3}},"12":{"start":{"line":13,"column":0},"end":{"line":13,"column":3}},"13":{"start":{"line":14,"column":0},"end":{"line":14,"column":0}},"14":{"start":{"line":15,"column":0},"end":{"line":15,"column":32}},"15":{"start":{"line":16,"column":0},"end":{"line":16,"column":0}},"16":{"start":{"line":17,"column":0},"end":{"line":17,"column":21}},"17":{"start":{"line":18,"column":0},"end":{"line":18,"column":49}},"18":{"start":{"line":19,"column":0},"end":{"line":19,"column":0}},"19":{"start":{"line":20,"column":0},"end":{"line":20,"column":31}},"20":{"start":{"line":21,"column":0},"end":{"line":21,"column":69}},"21":{"start":{"line":22,"column":0},"end":{"line":22,"column":1}},"22":{"start":{"line":23,"column":0},"end":{"line":23,"column":0}},"23":{"start":{"line":24,"column":0},"end":{"line":24,"column":37}},"24":{"start":{"line":25,"column":0},"end":{"line":25,"column":62}},"25":{"start":{"line":26,"column":0},"end":{"line":26,"column":1}},"26":{"start":{"line":27,"column":0},"end":{"line":27,"column":0}},"27":{"start":{"line":28,"column":0},"end":{"line":28,"column":44}},"28":{"start":{"line":29,"column":0},"end":{"line":29,"column":7}},"29":{"start":{"line":30,"column":0},"end":{"line":30,"column":47}},"30":{"start":{"line":31,"column":0},"end":{"line":31,"column":0}},"31":{"start":{"line":32,"column":0},"end":{"line":32,"column":39}},"32":{"start":{"line":33,"column":0},"end":{"line":33,"column":87}},"33":{"start":{"line":34,"column":0},"end":{"line":34,"column":5}},"34":{"start":{"line":35,"column":0},"end":{"line":35,"column":0}},"35":{"start":{"line":36,"column":0},"end":{"line":36,"column":52}},"36":{"start":{"line":37,"column":0},"end":{"line":37,"column":0}},"37":{"start":{"line":38,"column":0},"end":{"line":38,"column":39}},"38":{"start":{"line":39,"column":0},"end":{"line":39,"column":69}},"39":{"start":{"line":40,"column":0},"end":{"line":40,"column":5}},"40":{"start":{"line":41,"column":0},"end":{"line":41,"column":0}},"41":{"start":{"line":42,"column":0},"end":{"line":42,"column":38}},"42":{"start":{"line":43,"column":0},"end":{"line":43,"column":87}},"43":{"start":{"line":44,"column":0},"end":{"line":44,"column":5}},"44":{"start":{"line":45,"column":0},"end":{"line":45,"column":0}},"45":{"start":{"line":46,"column":0},"end":{"line":46,"column":61}},"46":{"start":{"line":47,"column":0},"end":{"line":47,"column":65}},"47":{"start":{"line":48,"column":0},"end":{"line":48,"column":5}},"48":{"start":{"line":49,"column":0},"end":{"line":49,"column":0}},"49":{"start":{"line":50,"column":0},"end":{"line":50,"column":54}},"50":{"start":{"line":51,"column":0},"end":{"line":51,"column":20}},"51":{"start":{"line":52,"column":0},"end":{"line":52,"column":19}},"52":{"start":{"line":53,"column":0},"end":{"line":53,"column":32}},"53":{"start":{"line":54,"column":0},"end":{"line":54,"column":16}},"54":{"start":{"line":55,"column":0},"end":{"line":55,"column":0}},"55":{"start":{"line":56,"column":0},"end":{"line":56,"column":23}},"56":{"start":{"line":57,"column":0},"end":{"line":57,"column":73}},"57":{"start":{"line":58,"column":0},"end":{"line":58,"column":5}},"58":{"start":{"line":59,"column":0},"end":{"line":59,"column":0}},"59":{"start":{"line":60,"column":0},"end":{"line":60,"column":59}},"60":{"start":{"line":61,"column":0},"end":{"line":61,"column":0}},"61":{"start":{"line":62,"column":0},"end":{"line":62,"column":56}},"62":{"start":{"line":63,"column":0},"end":{"line":63,"column":20}},"63":{"start":{"line":64,"column":0},"end":{"line":64,"column":15}},"64":{"start":{"line":65,"column":0},"end":{"line":65,"column":28}},"65":{"start":{"line":66,"column":0},"end":{"line":66,"column":38}},"66":{"start":{"line":67,"column":0},"end":{"line":67,"column":26}},"67":{"start":{"line":68,"column":0},"end":{"line":68,"column":44}},"68":{"start":{"line":69,"column":0},"end":{"line":69,"column":8}},"69":{"start":{"line":70,"column":0},"end":{"line":70,"column":15}},"70":{"start":{"line":71,"column":0},"end":{"line":71,"column":16}},"71":{"start":{"line":72,"column":0},"end":{"line":72,"column":0}},"72":{"start":{"line":73,"column":0},"end":{"line":73,"column":27}},"73":{"start":{"line":74,"column":0},"end":{"line":74,"column":0}},"74":{"start":{"line":75,"column":0},"end":{"line":75,"column":27}},"75":{"start":{"line":76,"column":0},"end":{"line":76,"column":51}},"76":{"start":{"line":77,"column":0},"end":{"line":77,"column":29}},"77":{"start":{"line":78,"column":0},"end":{"line":78,"column":25}},"78":{"start":{"line":79,"column":0},"end":{"line":79,"column":6}},"79":{"start":{"line":80,"column":0},"end":{"line":80,"column":0}},"80":{"start":{"line":81,"column":0},"end":{"line":81,"column":26}},"81":{"start":{"line":82,"column":0},"end":{"line":82,"column":13}},"82":{"start":{"line":83,"column":0},"end":{"line":83,"column":23}},"83":{"start":{"line":84,"column":0},"end":{"line":84,"column":29}},"84":{"start":{"line":85,"column":0},"end":{"line":85,"column":27}},"85":{"start":{"line":86,"column":0},"end":{"line":86,"column":53}},"86":{"start":{"line":87,"column":0},"end":{"line":87,"column":34}},"87":{"start":{"line":88,"column":0},"end":{"line":88,"column":38}},"88":{"start":{"line":89,"column":0},"end":{"line":89,"column":38}},"89":{"start":{"line":90,"column":0},"end":{"line":90,"column":8}},"90":{"start":{"line":91,"column":0},"end":{"line":91,"column":11}},"91":{"start":{"line":92,"column":0},"end":{"line":92,"column":7}},"92":{"start":{"line":93,"column":0},"end":{"line":93,"column":17}},"93":{"start":{"line":94,"column":0},"end":{"line":94,"column":40}},"94":{"start":{"line":95,"column":0},"end":{"line":95,"column":64}},"95":{"start":{"line":96,"column":0},"end":{"line":96,"column":3}},"96":{"start":{"line":97,"column":0},"end":{"line":97,"column":3}},"97":{"start":{"line":98,"column":0},"end":{"line":98,"column":0}},"98":{"start":{"line":99,"column":0},"end":{"line":99,"column":43}},"99":{"start":{"line":100,"column":0},"end":{"line":100,"column":7}},"100":{"start":{"line":101,"column":0},"end":{"line":101,"column":41}},"101":{"start":{"line":102,"column":0},"end":{"line":102,"column":0}},"102":{"start":{"line":103,"column":0},"end":{"line":103,"column":30}},"103":{"start":{"line":104,"column":0},"end":{"line":104,"column":80}},"104":{"start":{"line":105,"column":0},"end":{"line":105,"column":5}},"105":{"start":{"line":106,"column":0},"end":{"line":106,"column":0}},"106":{"start":{"line":107,"column":0},"end":{"line":107,"column":52}},"107":{"start":{"line":108,"column":0},"end":{"line":108,"column":0}},"108":{"start":{"line":109,"column":0},"end":{"line":109,"column":39}},"109":{"start":{"line":110,"column":0},"end":{"line":110,"column":69}},"110":{"start":{"line":111,"column":0},"end":{"line":111,"column":5}},"111":{"start":{"line":112,"column":0},"end":{"line":112,"column":0}},"112":{"start":{"line":113,"column":0},"end":{"line":113,"column":53}},"113":{"start":{"line":114,"column":0},"end":{"line":114,"column":20}},"114":{"start":{"line":115,"column":0},"end":{"line":115,"column":18}},"115":{"start":{"line":116,"column":0},"end":{"line":116,"column":32}},"116":{"start":{"line":117,"column":0},"end":{"line":117,"column":16}},"117":{"start":{"line":118,"column":0},"end":{"line":118,"column":0}},"118":{"start":{"line":119,"column":0},"end":{"line":119,"column":25}},"119":{"start":{"line":120,"column":0},"end":{"line":120,"column":74}},"120":{"start":{"line":121,"column":0},"end":{"line":121,"column":5}},"121":{"start":{"line":122,"column":0},"end":{"line":122,"column":0}},"122":{"start":{"line":123,"column":0},"end":{"line":123,"column":77}},"123":{"start":{"line":124,"column":0},"end":{"line":124,"column":25}},"124":{"start":{"line":125,"column":0},"end":{"line":125,"column":74}},"125":{"start":{"line":126,"column":0},"end":{"line":126,"column":5}},"126":{"start":{"line":127,"column":0},"end":{"line":127,"column":0}},"127":{"start":{"line":128,"column":0},"end":{"line":128,"column":27}},"128":{"start":{"line":129,"column":0},"end":{"line":129,"column":45}},"129":{"start":{"line":130,"column":0},"end":{"line":130,"column":29}},"130":{"start":{"line":131,"column":0},"end":{"line":131,"column":25}},"131":{"start":{"line":132,"column":0},"end":{"line":132,"column":6}},"132":{"start":{"line":133,"column":0},"end":{"line":133,"column":0}},"133":{"start":{"line":134,"column":0},"end":{"line":134,"column":14}},"134":{"start":{"line":135,"column":0},"end":{"line":135,"column":13}},"135":{"start":{"line":136,"column":0},"end":{"line":136,"column":20}},"136":{"start":{"line":137,"column":0},"end":{"line":137,"column":26}},"137":{"start":{"line":138,"column":0},"end":{"line":138,"column":24}},"138":{"start":{"line":139,"column":0},"end":{"line":139,"column":50}},"139":{"start":{"line":140,"column":0},"end":{"line":140,"column":60}},"140":{"start":{"line":141,"column":0},"end":{"line":141,"column":66}},"141":{"start":{"line":142,"column":0},"end":{"line":142,"column":70}},"142":{"start":{"line":143,"column":0},"end":{"line":143,"column":8}},"143":{"start":{"line":144,"column":0},"end":{"line":144,"column":11}},"144":{"start":{"line":145,"column":0},"end":{"line":145,"column":7}},"145":{"start":{"line":146,"column":0},"end":{"line":146,"column":17}},"146":{"start":{"line":147,"column":0},"end":{"line":147,"column":39}},"147":{"start":{"line":148,"column":0},"end":{"line":148,"column":55}},"148":{"start":{"line":149,"column":0},"end":{"line":149,"column":3}},"149":{"start":{"line":150,"column":0},"end":{"line":150,"column":3}},"150":{"start":{"line":151,"column":0},"end":{"line":151,"column":0}},"151":{"start":{"line":152,"column":0},"end":{"line":152,"column":39}},"152":{"start":{"line":153,"column":0},"end":{"line":153,"column":7}},"153":{"start":{"line":154,"column":0},"end":{"line":154,"column":52}},"154":{"start":{"line":155,"column":0},"end":{"line":155,"column":57}},"155":{"start":{"line":156,"column":0},"end":{"line":156,"column":0}},"156":{"start":{"line":157,"column":0},"end":{"line":157,"column":17}},"157":{"start":{"line":158,"column":0},"end":{"line":158,"column":66}},"158":{"start":{"line":159,"column":0},"end":{"line":159,"column":5}},"159":{"start":{"line":160,"column":0},"end":{"line":160,"column":0}},"160":{"start":{"line":161,"column":0},"end":{"line":161,"column":62}},"161":{"start":{"line":162,"column":0},"end":{"line":162,"column":0}},"162":{"start":{"line":163,"column":0},"end":{"line":163,"column":53}},"163":{"start":{"line":164,"column":0},"end":{"line":164,"column":20}},"164":{"start":{"line":165,"column":0},"end":{"line":165,"column":163}},"165":{"start":{"line":166,"column":0},"end":{"line":166,"column":31}},"166":{"start":{"line":167,"column":0},"end":{"line":167,"column":16}},"167":{"start":{"line":168,"column":0},"end":{"line":168,"column":0}},"168":{"start":{"line":169,"column":0},"end":{"line":169,"column":25}},"169":{"start":{"line":170,"column":0},"end":{"line":170,"column":63}},"170":{"start":{"line":171,"column":0},"end":{"line":171,"column":5}},"171":{"start":{"line":172,"column":0},"end":{"line":172,"column":0}},"172":{"start":{"line":173,"column":0},"end":{"line":173,"column":23}},"173":{"start":{"line":174,"column":0},"end":{"line":174,"column":17}},"174":{"start":{"line":175,"column":0},"end":{"line":175,"column":43}},"175":{"start":{"line":176,"column":0},"end":{"line":176,"column":62}},"176":{"start":{"line":177,"column":0},"end":{"line":177,"column":5}},"177":{"start":{"line":178,"column":0},"end":{"line":178,"column":53}},"178":{"start":{"line":179,"column":0},"end":{"line":179,"column":3}},"179":{"start":{"line":180,"column":0},"end":{"line":180,"column":3}},"180":{"start":{"line":181,"column":0},"end":{"line":181,"column":0}},"181":{"start":{"line":182,"column":0},"end":{"line":182,"column":22}},"182":{"start":{"line":183,"column":0},"end":{"line":183,"column":44}},"183":{"start":{"line":184,"column":0},"end":{"line":184,"column":7}},"184":{"start":{"line":185,"column":0},"end":{"line":185,"column":52}},"185":{"start":{"line":186,"column":0},"end":{"line":186,"column":57}},"186":{"start":{"line":187,"column":0},"end":{"line":187,"column":0}},"187":{"start":{"line":188,"column":0},"end":{"line":188,"column":17}},"188":{"start":{"line":189,"column":0},"end":{"line":189,"column":66}},"189":{"start":{"line":190,"column":0},"end":{"line":190,"column":5}},"190":{"start":{"line":191,"column":0},"end":{"line":191,"column":0}},"191":{"start":{"line":192,"column":0},"end":{"line":192,"column":62}},"192":{"start":{"line":193,"column":0},"end":{"line":193,"column":0}},"193":{"start":{"line":194,"column":0},"end":{"line":194,"column":86}},"194":{"start":{"line":195,"column":0},"end":{"line":195,"column":0}},"195":{"start":{"line":196,"column":0},"end":{"line":196,"column":26}},"196":{"start":{"line":197,"column":0},"end":{"line":197,"column":78}},"197":{"start":{"line":198,"column":0},"end":{"line":198,"column":66}},"198":{"start":{"line":199,"column":0},"end":{"line":199,"column":81}},"199":{"start":{"line":200,"column":0},"end":{"line":200,"column":75}},"200":{"start":{"line":201,"column":0},"end":{"line":201,"column":51}},"201":{"start":{"line":202,"column":0},"end":{"line":202,"column":53}},"202":{"start":{"line":203,"column":0},"end":{"line":203,"column":0}},"203":{"start":{"line":204,"column":0},"end":{"line":204,"column":53}},"204":{"start":{"line":205,"column":0},"end":{"line":205,"column":20}},"205":{"start":{"line":206,"column":0},"end":{"line":206,"column":25}},"206":{"start":{"line":207,"column":0},"end":{"line":207,"column":31}},"207":{"start":{"line":208,"column":0},"end":{"line":208,"column":163}},"208":{"start":{"line":209,"column":0},"end":{"line":209,"column":16}},"209":{"start":{"line":210,"column":0},"end":{"line":210,"column":0}},"210":{"start":{"line":211,"column":0},"end":{"line":211,"column":27}},"211":{"start":{"line":212,"column":0},"end":{"line":212,"column":0}},"212":{"start":{"line":213,"column":0},"end":{"line":213,"column":23}},"213":{"start":{"line":214,"column":0},"end":{"line":214,"column":17}},"214":{"start":{"line":215,"column":0},"end":{"line":215,"column":43}},"215":{"start":{"line":216,"column":0},"end":{"line":216,"column":62}},"216":{"start":{"line":217,"column":0},"end":{"line":217,"column":5}},"217":{"start":{"line":218,"column":0},"end":{"line":218,"column":48}},"218":{"start":{"line":219,"column":0},"end":{"line":219,"column":64}},"219":{"start":{"line":220,"column":0},"end":{"line":220,"column":3}},"220":{"start":{"line":221,"column":0},"end":{"line":221,"column":3}},"221":{"start":{"line":222,"column":0},"end":{"line":222,"column":0}},"222":{"start":{"line":223,"column":0},"end":{"line":223,"column":18}},"223":{"start":{"line":224,"column":0},"end":{"line":224,"column":53}},"224":{"start":{"line":225,"column":0},"end":{"line":225,"column":7}},"225":{"start":{"line":226,"column":0},"end":{"line":226,"column":31}},"226":{"start":{"line":227,"column":0},"end":{"line":227,"column":17}},"227":{"start":{"line":228,"column":0},"end":{"line":228,"column":66}},"228":{"start":{"line":229,"column":0},"end":{"line":229,"column":5}},"229":{"start":{"line":230,"column":0},"end":{"line":230,"column":0}},"230":{"start":{"line":231,"column":0},"end":{"line":231,"column":52}},"231":{"start":{"line":232,"column":0},"end":{"line":232,"column":0}},"232":{"start":{"line":233,"column":0},"end":{"line":233,"column":30}},"233":{"start":{"line":234,"column":0},"end":{"line":234,"column":53}},"234":{"start":{"line":235,"column":0},"end":{"line":235,"column":20}},"235":{"start":{"line":236,"column":0},"end":{"line":236,"column":47}},"236":{"start":{"line":237,"column":0},"end":{"line":237,"column":32}},"237":{"start":{"line":238,"column":0},"end":{"line":238,"column":16}},"238":{"start":{"line":239,"column":0},"end":{"line":239,"column":0}},"239":{"start":{"line":240,"column":0},"end":{"line":240,"column":25}},"240":{"start":{"line":241,"column":0},"end":{"line":241,"column":56}},"241":{"start":{"line":242,"column":0},"end":{"line":242,"column":88}},"242":{"start":{"line":243,"column":0},"end":{"line":243,"column":5}},"243":{"start":{"line":244,"column":0},"end":{"line":244,"column":0}},"244":{"start":{"line":245,"column":0},"end":{"line":245,"column":42}},"245":{"start":{"line":246,"column":0},"end":{"line":246,"column":65}},"246":{"start":{"line":247,"column":0},"end":{"line":247,"column":50}},"247":{"start":{"line":248,"column":0},"end":{"line":248,"column":59}},"248":{"start":{"line":249,"column":0},"end":{"line":249,"column":27}},"249":{"start":{"line":250,"column":0},"end":{"line":250,"column":38}},"250":{"start":{"line":251,"column":0},"end":{"line":251,"column":29}},"251":{"start":{"line":252,"column":0},"end":{"line":252,"column":52}},"252":{"start":{"line":253,"column":0},"end":{"line":253,"column":6}},"253":{"start":{"line":254,"column":0},"end":{"line":254,"column":0}},"254":{"start":{"line":255,"column":0},"end":{"line":255,"column":30}},"255":{"start":{"line":256,"column":0},"end":{"line":256,"column":49}},"256":{"start":{"line":257,"column":0},"end":{"line":257,"column":54}},"257":{"start":{"line":258,"column":0},"end":{"line":258,"column":32}},"258":{"start":{"line":259,"column":0},"end":{"line":259,"column":69}},"259":{"start":{"line":260,"column":0},"end":{"line":260,"column":0}},"260":{"start":{"line":261,"column":0},"end":{"line":261,"column":49}},"261":{"start":{"line":262,"column":0},"end":{"line":262,"column":32}},"262":{"start":{"line":263,"column":0},"end":{"line":263,"column":52}},"263":{"start":{"line":264,"column":0},"end":{"line":264,"column":21}},"264":{"start":{"line":265,"column":0},"end":{"line":265,"column":46}},"265":{"start":{"line":266,"column":0},"end":{"line":266,"column":13}},"266":{"start":{"line":267,"column":0},"end":{"line":267,"column":95}},"267":{"start":{"line":268,"column":0},"end":{"line":268,"column":66}},"268":{"start":{"line":269,"column":0},"end":{"line":269,"column":33}},"269":{"start":{"line":270,"column":0},"end":{"line":270,"column":111}},"270":{"start":{"line":271,"column":0},"end":{"line":271,"column":39}},"271":{"start":{"line":272,"column":0},"end":{"line":272,"column":207}},"272":{"start":{"line":273,"column":0},"end":{"line":273,"column":16}},"273":{"start":{"line":274,"column":0},"end":{"line":274,"column":90}},"274":{"start":{"line":275,"column":0},"end":{"line":275,"column":108}},"275":{"start":{"line":276,"column":0},"end":{"line":276,"column":14}},"276":{"start":{"line":277,"column":0},"end":{"line":277,"column":7}},"277":{"start":{"line":278,"column":0},"end":{"line":278,"column":7}},"278":{"start":{"line":279,"column":0},"end":{"line":279,"column":0}},"279":{"start":{"line":280,"column":0},"end":{"line":280,"column":79}},"280":{"start":{"line":281,"column":0},"end":{"line":281,"column":17}},"281":{"start":{"line":282,"column":0},"end":{"line":282,"column":49}},"282":{"start":{"line":283,"column":0},"end":{"line":283,"column":81}},"283":{"start":{"line":284,"column":0},"end":{"line":284,"column":3}},"284":{"start":{"line":285,"column":0},"end":{"line":285,"column":3}},"285":{"start":{"line":286,"column":0},"end":{"line":286,"column":0}},"286":{"start":{"line":287,"column":0},"end":{"line":287,"column":17}},"287":{"start":{"line":288,"column":0},"end":{"line":288,"column":52}},"288":{"start":{"line":289,"column":0},"end":{"line":289,"column":7}},"289":{"start":{"line":290,"column":0},"end":{"line":290,"column":44}},"290":{"start":{"line":291,"column":0},"end":{"line":291,"column":0}},"291":{"start":{"line":292,"column":0},"end":{"line":292,"column":33}},"292":{"start":{"line":293,"column":0},"end":{"line":293,"column":84}},"293":{"start":{"line":294,"column":0},"end":{"line":294,"column":5}},"294":{"start":{"line":295,"column":0},"end":{"line":295,"column":0}},"295":{"start":{"line":296,"column":0},"end":{"line":296,"column":41}},"296":{"start":{"line":297,"column":0},"end":{"line":297,"column":87}},"297":{"start":{"line":298,"column":0},"end":{"line":298,"column":5}},"298":{"start":{"line":299,"column":0},"end":{"line":299,"column":0}},"299":{"start":{"line":300,"column":0},"end":{"line":300,"column":22}},"300":{"start":{"line":301,"column":0},"end":{"line":301,"column":16}},"301":{"start":{"line":302,"column":0},"end":{"line":302,"column":9}},"302":{"start":{"line":303,"column":0},"end":{"line":303,"column":58}},"303":{"start":{"line":304,"column":0},"end":{"line":304,"column":19}},"304":{"start":{"line":305,"column":0},"end":{"line":305,"column":73}},"305":{"start":{"line":306,"column":0},"end":{"line":306,"column":5}},"306":{"start":{"line":307,"column":0},"end":{"line":307,"column":0}},"307":{"start":{"line":308,"column":0},"end":{"line":308,"column":20}},"308":{"start":{"line":309,"column":0},"end":{"line":309,"column":53}},"309":{"start":{"line":310,"column":0},"end":{"line":310,"column":20}},"310":{"start":{"line":311,"column":0},"end":{"line":311,"column":34}},"311":{"start":{"line":312,"column":0},"end":{"line":312,"column":31}},"312":{"start":{"line":313,"column":0},"end":{"line":313,"column":16}},"313":{"start":{"line":314,"column":0},"end":{"line":314,"column":0}},"314":{"start":{"line":315,"column":0},"end":{"line":315,"column":25}},"315":{"start":{"line":316,"column":0},"end":{"line":316,"column":63}},"316":{"start":{"line":317,"column":0},"end":{"line":317,"column":5}},"317":{"start":{"line":318,"column":0},"end":{"line":318,"column":0}},"318":{"start":{"line":319,"column":0},"end":{"line":319,"column":57}},"319":{"start":{"line":320,"column":0},"end":{"line":320,"column":66}},"320":{"start":{"line":321,"column":0},"end":{"line":321,"column":51}},"321":{"start":{"line":322,"column":0},"end":{"line":322,"column":86}},"322":{"start":{"line":323,"column":0},"end":{"line":323,"column":5}},"323":{"start":{"line":324,"column":0},"end":{"line":324,"column":0}},"324":{"start":{"line":325,"column":0},"end":{"line":325,"column":27}},"325":{"start":{"line":326,"column":0},"end":{"line":326,"column":62}},"326":{"start":{"line":327,"column":0},"end":{"line":327,"column":0}},"327":{"start":{"line":328,"column":0},"end":{"line":328,"column":27}},"328":{"start":{"line":329,"column":0},"end":{"line":329,"column":54}},"329":{"start":{"line":330,"column":0},"end":{"line":330,"column":20}},"330":{"start":{"line":331,"column":0},"end":{"line":331,"column":16}},"331":{"start":{"line":332,"column":0},"end":{"line":332,"column":38}},"332":{"start":{"line":333,"column":0},"end":{"line":333,"column":44}},"333":{"start":{"line":334,"column":0},"end":{"line":334,"column":8}},"334":{"start":{"line":335,"column":0},"end":{"line":335,"column":25}},"335":{"start":{"line":336,"column":0},"end":{"line":336,"column":0}},"336":{"start":{"line":337,"column":0},"end":{"line":337,"column":39}},"337":{"start":{"line":338,"column":0},"end":{"line":338,"column":0}},"338":{"start":{"line":339,"column":0},"end":{"line":339,"column":55}},"339":{"start":{"line":340,"column":0},"end":{"line":340,"column":17}},"340":{"start":{"line":341,"column":0},"end":{"line":341,"column":48}},"341":{"start":{"line":342,"column":0},"end":{"line":342,"column":64}},"342":{"start":{"line":343,"column":0},"end":{"line":343,"column":3}},"343":{"start":{"line":344,"column":0},"end":{"line":344,"column":3}},"344":{"start":{"line":345,"column":0},"end":{"line":345,"column":0}},"345":{"start":{"line":346,"column":0},"end":{"line":346,"column":24}}},"s":{"0":5,"1":5,"2":5,"3":5,"4":5,"5":5,"6":5,"7":5,"8":5,"9":5,"10":5,"11":5,"12":5,"13":5,"14":5,"15":5,"16":5,"17":5,"18":5,"19":8,"20":8,"21":8,"22":5,"23":7,"24":7,"25":7,"26":5,"27":5,"28":5,"29":5,"30":5,"31":5,"32":1,"33":1,"34":4,"35":4,"36":4,"37":5,"38":1,"39":1,"40":3,"41":5,"42":1,"43":1,"44":2,"45":5,"46":0,"47":0,"48":2,"49":2,"50":2,"51":2,"52":2,"53":2,"54":2,"55":5,"56":1,"57":1,"58":1,"59":1,"60":1,"61":1,"62":1,"63":1,"64":1,"65":1,"66":1,"67":1,"68":1,"69":1,"70":1,"71":1,"72":5,"73":1,"74":1,"75":1,"76":1,"77":1,"78":1,"79":1,"80":1,"81":1,"82":1,"83":1,"84":1,"85":5,"86":5,"87":5,"88":5,"89":5,"90":5,"91":5,"92":5,"93":0,"94":0,"95":0,"96":5,"97":5,"98":5,"99":4,"100":4,"101":4,"102":4,"103":0,"104":0,"105":4,"106":4,"107":4,"108":4,"109":0,"110":0,"111":4,"112":4,"113":4,"114":4,"115":4,"116":4,"117":4,"118":4,"119":2,"120":2,"121":2,"122":2,"123":4,"124":1,"125":1,"126":1,"127":1,"128":1,"129":1,"130":1,"131":1,"132":1,"133":1,"134":1,"135":1,"136":1,"137":1,"138":4,"139":4,"140":4,"141":4,"142":4,"143":4,"144":4,"145":4,"146":0,"147":0,"148":0,"149":5,"150":5,"151":5,"152":3,"153":3,"154":3,"155":3,"156":3,"157":1,"158":1,"159":2,"160":2,"161":2,"162":2,"163":2,"164":2,"165":2,"166":2,"167":1,"168":3,"169":0,"170":0,"171":1,"172":1,"173":1,"174":1,"175":0,"176":0,"177":1,"178":1,"179":5,"180":5,"181":5,"182":5,"183":1,"184":1,"185":1,"186":1,"187":1,"188":0,"189":0,"190":1,"191":1,"192":1,"193":1,"194":1,"195":1,"196":1,"197":1,"198":1,"199":1,"200":1,"201":1,"202":1,"203":1,"204":1,"205":1,"206":1,"207":1,"208":1,"209":1,"210":1,"211":1,"212":1,"213":1,"214":0,"215":0,"216":0,"217":0,"218":0,"219":0,"220":5,"221":5,"222":5,"223":5,"224":2,"225":2,"226":2,"227":0,"228":0,"229":2,"230":2,"231":2,"232":2,"233":2,"234":2,"235":2,"236":2,"237":2,"238":2,"239":2,"240":1,"241":1,"242":1,"243":1,"244":1,"245":1,"246":1,"247":1,"248":1,"249":1,"250":1,"251":1,"252":1,"253":1,"254":1,"255":1,"256":2,"257":2,"258":2,"259":2,"260":2,"261":2,"262":2,"263":2,"264":2,"265":2,"266":2,"267":2,"268":2,"269":2,"270":2,"271":2,"272":2,"273":2,"274":2,"275":2,"276":2,"277":2,"278":1,"279":1,"280":2,"281":0,"282":0,"283":0,"284":5,"285":5,"286":5,"287":5,"288":5,"289":5,"290":5,"291":5,"292":1,"293":1,"294":4,"295":5,"296":1,"297":1,"298":3,"299":3,"300":3,"301":3,"302":3,"303":5,"304":1,"305":1,"306":2,"307":2,"308":2,"309":2,"310":2,"311":2,"312":2,"313":2,"314":5,"315":0,"316":0,"317":2,"318":2,"319":2,"320":5,"321":1,"322":1,"323":1,"324":1,"325":1,"326":1,"327":1,"328":1,"329":1,"330":1,"331":1,"332":1,"333":1,"334":1,"335":1,"336":5,"337":1,"338":1,"339":5,"340":0,"341":0,"342":0,"343":5,"344":5,"345":5},"branchMap":{"0":{"type":"branch","line":1,"loc":{"start":{"line":1,"column":0},"end":{"line":346,"column":24}},"locations":[{"start":{"line":1,"column":0},"end":{"line":346,"column":24}}]},"1":{"type":"branch","line":20,"loc":{"start":{"line":20,"column":0},"end":{"line":22,"column":1}},"locations":[{"start":{"line":20,"column":0},"end":{"line":22,"column":1}}]},"2":{"type":"branch","line":24,"loc":{"start":{"line":24,"column":0},"end":{"line":26,"column":1}},"locations":[{"start":{"line":24,"column":0},"end":{"line":26,"column":1}}]},"3":{"type":"branch","line":28,"loc":{"start":{"line":28,"column":23},"end":{"line":97,"column":1}},"locations":[{"start":{"line":28,"column":23},"end":{"line":97,"column":1}}]},"4":{"type":"branch","line":32,"loc":{"start":{"line":32,"column":28},"end":{"line":32,"column":36}},"locations":[{"start":{"line":32,"column":28},"end":{"line":32,"column":36}}]},"5":{"type":"branch","line":32,"loc":{"start":{"line":32,"column":38},"end":{"line":34,"column":5}},"locations":[{"start":{"line":32,"column":38},"end":{"line":34,"column":5}}]},"6":{"type":"branch","line":35,"loc":{"start":{"line":35,"column":-1},"end":{"line":38,"column":38}},"locations":[{"start":{"line":35,"column":-1},"end":{"line":38,"column":38}}]},"7":{"type":"branch","line":38,"loc":{"start":{"line":38,"column":38},"end":{"line":40,"column":5}},"locations":[{"start":{"line":38,"column":38},"end":{"line":40,"column":5}}]},"8":{"type":"branch","line":41,"loc":{"start":{"line":41,"column":-1},"end":{"line":42,"column":37}},"locations":[{"start":{"line":41,"column":-1},"end":{"line":42,"column":37}}]},"9":{"type":"branch","line":42,"loc":{"start":{"line":42,"column":37},"end":{"line":44,"column":5}},"locations":[{"start":{"line":42,"column":37},"end":{"line":44,"column":5}}]},"10":{"type":"branch","line":45,"loc":{"start":{"line":45,"column":-1},"end":{"line":46,"column":58}},"locations":[{"start":{"line":45,"column":-1},"end":{"line":46,"column":58}}]},"11":{"type":"branch","line":46,"loc":{"start":{"line":46,"column":60},"end":{"line":48,"column":5}},"locations":[{"start":{"line":46,"column":60},"end":{"line":48,"column":5}}]},"12":{"type":"branch","line":49,"loc":{"start":{"line":49,"column":-1},"end":{"line":56,"column":22}},"locations":[{"start":{"line":49,"column":-1},"end":{"line":56,"column":22}}]},"13":{"type":"branch","line":56,"loc":{"start":{"line":56,"column":22},"end":{"line":73,"column":15}},"locations":[{"start":{"line":56,"column":22},"end":{"line":73,"column":15}}]},"14":{"type":"branch","line":73,"loc":{"start":{"line":73,"column":15},"end":{"line":73,"column":27}},"locations":[{"start":{"line":73,"column":15},"end":{"line":73,"column":27}}]},"15":{"type":"branch","line":74,"loc":{"start":{"line":74,"column":-1},"end":{"line":86,"column":52}},"locations":[{"start":{"line":74,"column":-1},"end":{"line":86,"column":52}}]},"16":{"type":"branch","line":93,"loc":{"start":{"line":93,"column":4},"end":{"line":96,"column":3}},"locations":[{"start":{"line":93,"column":4},"end":{"line":96,"column":3}}]},"17":{"type":"branch","line":99,"loc":{"start":{"line":99,"column":22},"end":{"line":150,"column":1}},"locations":[{"start":{"line":99,"column":22},"end":{"line":150,"column":1}}]},"18":{"type":"branch","line":103,"loc":{"start":{"line":103,"column":29},"end":{"line":105,"column":5}},"locations":[{"start":{"line":103,"column":29},"end":{"line":105,"column":5}}]},"19":{"type":"branch","line":109,"loc":{"start":{"line":109,"column":38},"end":{"line":111,"column":5}},"locations":[{"start":{"line":109,"column":38},"end":{"line":111,"column":5}}]},"20":{"type":"branch","line":119,"loc":{"start":{"line":119,"column":14},"end":{"line":119,"column":22}},"locations":[{"start":{"line":119,"column":14},"end":{"line":119,"column":22}}]},"21":{"type":"branch","line":119,"loc":{"start":{"line":119,"column":24},"end":{"line":124,"column":24}},"locations":[{"start":{"line":119,"column":24},"end":{"line":124,"column":24}}]},"22":{"type":"branch","line":124,"loc":{"start":{"line":124,"column":24},"end":{"line":139,"column":49}},"locations":[{"start":{"line":124,"column":24},"end":{"line":139,"column":49}}]},"23":{"type":"branch","line":140,"loc":{"start":{"line":140,"column":50},"end":{"line":140,"column":59}},"locations":[{"start":{"line":140,"column":50},"end":{"line":140,"column":59}}]},"24":{"type":"branch","line":141,"loc":{"start":{"line":141,"column":54},"end":{"line":141,"column":65}},"locations":[{"start":{"line":141,"column":54},"end":{"line":141,"column":65}}]},"25":{"type":"branch","line":142,"loc":{"start":{"line":142,"column":62},"end":{"line":142,"column":69}},"locations":[{"start":{"line":142,"column":62},"end":{"line":142,"column":69}}]},"26":{"type":"branch","line":146,"loc":{"start":{"line":146,"column":4},"end":{"line":149,"column":3}},"locations":[{"start":{"line":146,"column":4},"end":{"line":149,"column":3}}]},"27":{"type":"branch","line":152,"loc":{"start":{"line":152,"column":18},"end":{"line":180,"column":1}},"locations":[{"start":{"line":152,"column":18},"end":{"line":180,"column":1}}]},"28":{"type":"branch","line":155,"loc":{"start":{"line":155,"column":29},"end":{"line":155,"column":56}},"locations":[{"start":{"line":155,"column":29},"end":{"line":155,"column":56}}]},"29":{"type":"branch","line":157,"loc":{"start":{"line":157,"column":16},"end":{"line":159,"column":5}},"locations":[{"start":{"line":157,"column":16},"end":{"line":159,"column":5}}]},"30":{"type":"branch","line":160,"loc":{"start":{"line":160,"column":-1},"end":{"line":167,"column":16}},"locations":[{"start":{"line":160,"column":-1},"end":{"line":167,"column":16}}]},"31":{"type":"branch","line":168,"loc":{"start":{"line":168,"column":-1},"end":{"line":169,"column":22}},"locations":[{"start":{"line":168,"column":-1},"end":{"line":169,"column":22}}]},"32":{"type":"branch","line":169,"loc":{"start":{"line":169,"column":24},"end":{"line":171,"column":5}},"locations":[{"start":{"line":169,"column":24},"end":{"line":171,"column":5}}]},"33":{"type":"branch","line":172,"loc":{"start":{"line":172,"column":-1},"end":{"line":179,"column":3}},"locations":[{"start":{"line":172,"column":-1},"end":{"line":179,"column":3}}]},"34":{"type":"branch","line":175,"loc":{"start":{"line":175,"column":42},"end":{"line":177,"column":5}},"locations":[{"start":{"line":175,"column":42},"end":{"line":177,"column":5}}]},"35":{"type":"branch","line":183,"loc":{"start":{"line":183,"column":23},"end":{"line":221,"column":1}},"locations":[{"start":{"line":183,"column":23},"end":{"line":221,"column":1}}]},"36":{"type":"branch","line":188,"loc":{"start":{"line":188,"column":16},"end":{"line":190,"column":5}},"locations":[{"start":{"line":188,"column":16},"end":{"line":190,"column":5}}]},"37":{"type":"branch","line":199,"loc":{"start":{"line":199,"column":38},"end":{"line":199,"column":81}},"locations":[{"start":{"line":199,"column":38},"end":{"line":199,"column":81}}]},"38":{"type":"branch","line":200,"loc":{"start":{"line":200,"column":36},"end":{"line":200,"column":75}},"locations":[{"start":{"line":200,"column":36},"end":{"line":200,"column":75}}]},"39":{"type":"branch","line":201,"loc":{"start":{"line":201,"column":28},"end":{"line":201,"column":51}},"locations":[{"start":{"line":201,"column":28},"end":{"line":201,"column":51}}]},"40":{"type":"branch","line":211,"loc":{"start":{"line":211,"column":15},"end":{"line":211,"column":27}},"locations":[{"start":{"line":211,"column":15},"end":{"line":211,"column":27}}]},"41":{"type":"branch","line":214,"loc":{"start":{"line":214,"column":4},"end":{"line":220,"column":3}},"locations":[{"start":{"line":214,"column":4},"end":{"line":220,"column":3}}]},"42":{"type":"branch","line":224,"loc":{"start":{"line":224,"column":32},"end":{"line":285,"column":1}},"locations":[{"start":{"line":224,"column":32},"end":{"line":285,"column":1}}]},"43":{"type":"branch","line":227,"loc":{"start":{"line":227,"column":16},"end":{"line":229,"column":5}},"locations":[{"start":{"line":227,"column":16},"end":{"line":229,"column":5}}]},"44":{"type":"branch","line":240,"loc":{"start":{"line":240,"column":14},"end":{"line":240,"column":22}},"locations":[{"start":{"line":240,"column":14},"end":{"line":240,"column":22}}]},"45":{"type":"branch","line":240,"loc":{"start":{"line":240,"column":24},"end":{"line":257,"column":53}},"locations":[{"start":{"line":240,"column":24},"end":{"line":257,"column":53}}]},"46":{"type":"branch","line":258,"loc":{"start":{"line":258,"column":6},"end":{"line":258,"column":31}},"locations":[{"start":{"line":258,"column":6},"end":{"line":258,"column":31}}]},"47":{"type":"branch","line":279,"loc":{"start":{"line":279,"column":-1},"end":{"line":281,"column":4}},"locations":[{"start":{"line":279,"column":-1},"end":{"line":281,"column":4}}]},"48":{"type":"branch","line":281,"loc":{"start":{"line":281,"column":4},"end":{"line":284,"column":3}},"locations":[{"start":{"line":281,"column":4},"end":{"line":284,"column":3}}]},"49":{"type":"branch","line":288,"loc":{"start":{"line":288,"column":31},"end":{"line":344,"column":1}},"locations":[{"start":{"line":288,"column":31},"end":{"line":344,"column":1}}]},"50":{"type":"branch","line":292,"loc":{"start":{"line":292,"column":32},"end":{"line":294,"column":5}},"locations":[{"start":{"line":292,"column":32},"end":{"line":294,"column":5}}]},"51":{"type":"branch","line":295,"loc":{"start":{"line":295,"column":-1},"end":{"line":296,"column":40}},"locations":[{"start":{"line":295,"column":-1},"end":{"line":296,"column":40}}]},"52":{"type":"branch","line":296,"loc":{"start":{"line":296,"column":40},"end":{"line":298,"column":5}},"locations":[{"start":{"line":296,"column":40},"end":{"line":298,"column":5}}]},"53":{"type":"branch","line":299,"loc":{"start":{"line":299,"column":-1},"end":{"line":304,"column":6}},"locations":[{"start":{"line":299,"column":-1},"end":{"line":304,"column":6}}]},"54":{"type":"branch","line":304,"loc":{"start":{"line":304,"column":6},"end":{"line":306,"column":5}},"locations":[{"start":{"line":304,"column":6},"end":{"line":306,"column":5}}]},"55":{"type":"branch","line":307,"loc":{"start":{"line":307,"column":-1},"end":{"line":315,"column":22}},"locations":[{"start":{"line":307,"column":-1},"end":{"line":315,"column":22}}]},"56":{"type":"branch","line":315,"loc":{"start":{"line":315,"column":24},"end":{"line":317,"column":5}},"locations":[{"start":{"line":315,"column":24},"end":{"line":317,"column":5}}]},"57":{"type":"branch","line":318,"loc":{"start":{"line":318,"column":-1},"end":{"line":321,"column":50}},"locations":[{"start":{"line":318,"column":-1},"end":{"line":321,"column":50}}]},"58":{"type":"branch","line":321,"loc":{"start":{"line":321,"column":50},"end":{"line":337,"column":21}},"locations":[{"start":{"line":321,"column":50},"end":{"line":337,"column":21}}]},"59":{"type":"branch","line":337,"loc":{"start":{"line":337,"column":21},"end":{"line":337,"column":39}},"locations":[{"start":{"line":337,"column":21},"end":{"line":337,"column":39}}]},"60":{"type":"branch","line":338,"loc":{"start":{"line":338,"column":-1},"end":{"line":340,"column":4}},"locations":[{"start":{"line":338,"column":-1},"end":{"line":340,"column":4}}]},"61":{"type":"branch","line":340,"loc":{"start":{"line":340,"column":4},"end":{"line":343,"column":3}},"locations":[{"start":{"line":340,"column":4},"end":{"line":343,"column":3}}]}},"b":{"0":[5],"1":[8],"2":[7],"3":[5],"4":[4],"5":[1],"6":[4],"7":[1],"8":[3],"9":[1],"10":[2],"11":[0],"12":[2],"13":[1],"14":[0],"15":[1],"16":[0],"17":[4],"18":[0],"19":[0],"20":[3],"21":[2],"22":[1],"23":[0],"24":[0],"25":[1],"26":[0],"27":[3],"28":[2],"29":[1],"30":[2],"31":[1],"32":[0],"33":[1],"34":[0],"35":[1],"36":[0],"37":[0],"38":[0],"39":[0],"40":[0],"41":[0],"42":[2],"43":[0],"44":[1],"45":[1],"46":[0],"47":[1],"48":[0],"49":[5],"50":[1],"51":[4],"52":[1],"53":[3],"54":[1],"55":[2],"56":[0],"57":[2],"58":[1],"59":[0],"60":[1],"61":[0]},"fnMap":{"0":{"name":"validateEmail","decl":{"start":{"line":20,"column":0},"end":{"line":22,"column":1}},"loc":{"start":{"line":20,"column":0},"end":{"line":22,"column":1}},"line":20},"1":{"name":"validatePassword","decl":{"start":{"line":24,"column":0},"end":{"line":26,"column":1}},"loc":{"start":{"line":24,"column":0},"end":{"line":26,"column":1}},"line":24}},"f":{"0":8,"1":7}}
,"/Users/uche/Documents/CODE/Involink genera/involink_backend/src/routes/clients.js": {"path":"/Users/uche/Documents/CODE/Involink genera/involink_backend/src/routes/clients.js","all":false,"statementMap":{"0":{"start":{"line":1,"column":0},"end":{"line":1,"column":35}},"1":{"start":{"line":2,"column":0},"end":{"line":2,"column":53}},"2":{"start":{"line":3,"column":0},"end":{"line":3,"column":60}},"3":{"start":{"line":4,"column":0},"end":{"line":4,"column":0}},"4":{"start":{"line":5,"column":0},"end":{"line":5,"column":32}},"5":{"start":{"line":6,"column":0},"end":{"line":6,"column":0}},"6":{"start":{"line":7,"column":0},"end":{"line":7,"column":30}},"7":{"start":{"line":8,"column":0},"end":{"line":8,"column":0}},"8":{"start":{"line":9,"column":0},"end":{"line":9,"column":37}},"9":{"start":{"line":10,"column":0},"end":{"line":10,"column":7}},"10":{"start":{"line":11,"column":0},"end":{"line":11,"column":33}},"11":{"start":{"line":12,"column":0},"end":{"line":12,"column":29}},"12":{"start":{"line":13,"column":0},"end":{"line":13,"column":22}},"13":{"start":{"line":14,"column":0},"end":{"line":14,"column":18}},"14":{"start":{"line":15,"column":0},"end":{"line":15,"column":37}},"15":{"start":{"line":16,"column":0},"end":{"line":16,"column":49}},"16":{"start":{"line":17,"column":0},"end":{"line":17,"column":0}},"17":{"start":{"line":18,"column":0},"end":{"line":18,"column":34}},"18":{"start":{"line":19,"column":0},"end":{"line":19,"column":38}},"19":{"start":{"line":20,"column":0},"end":{"line":20,"column":79}},"20":{"start":{"line":21,"column":0},"end":{"line":21,"column":5}},"21":{"start":{"line":22,"column":0},"end":{"line":22,"column":0}},"22":{"start":{"line":23,"column":0},"end":{"line":23,"column":40}},"23":{"start":{"line":24,"column":0},"end":{"line":24,"column":0}},"24":{"start":{"line":25,"column":0},"end":{"line":25,"column":27}},"25":{"start":{"line":26,"column":0},"end":{"line":26,"column":25}},"26":{"start":{"line":27,"column":0},"end":{"line":27,"column":17}},"27":{"start":{"line":28,"column":0},"end":{"line":28,"column":45}},"28":{"start":{"line":29,"column":0},"end":{"line":29,"column":63}},"29":{"start":{"line":30,"column":0},"end":{"line":30,"column":3}},"30":{"start":{"line":31,"column":0},"end":{"line":31,"column":3}},"31":{"start":{"line":32,"column":0},"end":{"line":32,"column":0}},"32":{"start":{"line":33,"column":0},"end":{"line":33,"column":38}},"33":{"start":{"line":34,"column":0},"end":{"line":34,"column":7}},"34":{"start":{"line":35,"column":0},"end":{"line":35,"column":53}},"35":{"start":{"line":36,"column":0},"end":{"line":36,"column":0}},"36":{"start":{"line":37,"column":0},"end":{"line":37,"column":60}},"37":{"start":{"line":38,"column":0},"end":{"line":38,"column":72}},"38":{"start":{"line":39,"column":0},"end":{"line":39,"column":5}},"39":{"start":{"line":40,"column":0},"end":{"line":40,"column":0}},"40":{"start":{"line":41,"column":0},"end":{"line":41,"column":40}},"41":{"start":{"line":42,"column":0},"end":{"line":42,"column":61}},"42":{"start":{"line":43,"column":0},"end":{"line":43,"column":54}},"43":{"start":{"line":44,"column":0},"end":{"line":44,"column":43}},"44":{"start":{"line":45,"column":0},"end":{"line":45,"column":71}},"45":{"start":{"line":46,"column":0},"end":{"line":46,"column":7}},"46":{"start":{"line":47,"column":0},"end":{"line":47,"column":5}},"47":{"start":{"line":48,"column":0},"end":{"line":48,"column":0}},"48":{"start":{"line":49,"column":0},"end":{"line":49,"column":47}},"49":{"start":{"line":50,"column":0},"end":{"line":50,"column":22}},"50":{"start":{"line":51,"column":0},"end":{"line":51,"column":15}},"51":{"start":{"line":52,"column":0},"end":{"line":52,"column":33}},"52":{"start":{"line":53,"column":0},"end":{"line":53,"column":26}},"53":{"start":{"line":54,"column":0},"end":{"line":54,"column":43}},"54":{"start":{"line":55,"column":0},"end":{"line":55,"column":43}},"55":{"start":{"line":56,"column":0},"end":{"line":56,"column":49}},"56":{"start":{"line":57,"column":0},"end":{"line":57,"column":44}},"57":{"start":{"line":58,"column":0},"end":{"line":58,"column":8}},"58":{"start":{"line":59,"column":0},"end":{"line":59,"column":15}},"59":{"start":{"line":60,"column":0},"end":{"line":60,"column":16}},"60":{"start":{"line":61,"column":0},"end":{"line":61,"column":0}},"61":{"start":{"line":62,"column":0},"end":{"line":62,"column":27}},"62":{"start":{"line":63,"column":0},"end":{"line":63,"column":31}},"63":{"start":{"line":64,"column":0},"end":{"line":64,"column":17}},"64":{"start":{"line":65,"column":0},"end":{"line":65,"column":47}},"65":{"start":{"line":66,"column":0},"end":{"line":66,"column":63}},"66":{"start":{"line":67,"column":0},"end":{"line":67,"column":3}},"67":{"start":{"line":68,"column":0},"end":{"line":68,"column":3}},"68":{"start":{"line":69,"column":0},"end":{"line":69,"column":0}},"69":{"start":{"line":70,"column":0},"end":{"line":70,"column":40}},"70":{"start":{"line":71,"column":0},"end":{"line":71,"column":7}},"71":{"start":{"line":72,"column":0},"end":{"line":72,"column":30}},"72":{"start":{"line":73,"column":0},"end":{"line":73,"column":53}},"73":{"start":{"line":74,"column":0},"end":{"line":74,"column":0}},"74":{"start":{"line":75,"column":0},"end":{"line":75,"column":56}},"75":{"start":{"line":76,"column":0},"end":{"line":76,"column":76}},"76":{"start":{"line":77,"column":0},"end":{"line":77,"column":5}},"77":{"start":{"line":78,"column":0},"end":{"line":78,"column":0}},"78":{"start":{"line":79,"column":0},"end":{"line":79,"column":61}},"79":{"start":{"line":80,"column":0},"end":{"line":80,"column":54}},"80":{"start":{"line":81,"column":0},"end":{"line":81,"column":43}},"81":{"start":{"line":82,"column":0},"end":{"line":82,"column":71}},"82":{"start":{"line":83,"column":0},"end":{"line":83,"column":7}},"83":{"start":{"line":84,"column":0},"end":{"line":84,"column":5}},"84":{"start":{"line":85,"column":0},"end":{"line":85,"column":0}},"85":{"start":{"line":86,"column":0},"end":{"line":86,"column":26}},"86":{"start":{"line":87,"column":0},"end":{"line":87,"column":58}},"87":{"start":{"line":88,"column":0},"end":{"line":88,"column":76}},"88":{"start":{"line":89,"column":0},"end":{"line":89,"column":76}},"89":{"start":{"line":90,"column":0},"end":{"line":90,"column":84}},"90":{"start":{"line":91,"column":0},"end":{"line":91,"column":53}},"91":{"start":{"line":92,"column":0},"end":{"line":92,"column":0}},"92":{"start":{"line":93,"column":0},"end":{"line":93,"column":47}},"93":{"start":{"line":94,"column":0},"end":{"line":94,"column":22}},"94":{"start":{"line":95,"column":0},"end":{"line":95,"column":25}},"95":{"start":{"line":96,"column":0},"end":{"line":96,"column":19}},"96":{"start":{"line":97,"column":0},"end":{"line":97,"column":37}},"97":{"start":{"line":98,"column":0},"end":{"line":98,"column":15}},"98":{"start":{"line":99,"column":0},"end":{"line":99,"column":16}},"99":{"start":{"line":100,"column":0},"end":{"line":100,"column":0}},"100":{"start":{"line":101,"column":0},"end":{"line":101,"column":16}},"101":{"start":{"line":102,"column":0},"end":{"line":102,"column":38}},"102":{"start":{"line":103,"column":0},"end":{"line":103,"column":67}},"103":{"start":{"line":104,"column":0},"end":{"line":104,"column":7}},"104":{"start":{"line":105,"column":0},"end":{"line":105,"column":18}},"105":{"start":{"line":106,"column":0},"end":{"line":106,"column":5}},"106":{"start":{"line":107,"column":0},"end":{"line":107,"column":0}},"107":{"start":{"line":108,"column":0},"end":{"line":108,"column":19}},"108":{"start":{"line":109,"column":0},"end":{"line":109,"column":17}},"109":{"start":{"line":110,"column":0},"end":{"line":110,"column":47}},"110":{"start":{"line":111,"column":0},"end":{"line":111,"column":63}},"111":{"start":{"line":112,"column":0},"end":{"line":112,"column":3}},"112":{"start":{"line":113,"column":0},"end":{"line":113,"column":3}},"113":{"start":{"line":114,"column":0},"end":{"line":114,"column":0}},"114":{"start":{"line":115,"column":0},"end":{"line":115,"column":43}},"115":{"start":{"line":116,"column":0},"end":{"line":116,"column":7}},"116":{"start":{"line":117,"column":0},"end":{"line":117,"column":30}},"117":{"start":{"line":118,"column":0},"end":{"line":118,"column":0}},"118":{"start":{"line":119,"column":0},"end":{"line":119,"column":56}},"119":{"start":{"line":120,"column":0},"end":{"line":120,"column":68}},"120":{"start":{"line":121,"column":0},"end":{"line":121,"column":22}},"121":{"start":{"line":122,"column":0},"end":{"line":122,"column":19}},"122":{"start":{"line":123,"column":0},"end":{"line":123,"column":19}},"123":{"start":{"line":124,"column":0},"end":{"line":124,"column":37}},"124":{"start":{"line":125,"column":0},"end":{"line":125,"column":16}},"125":{"start":{"line":126,"column":0},"end":{"line":126,"column":0}},"126":{"start":{"line":127,"column":0},"end":{"line":127,"column":33}},"127":{"start":{"line":128,"column":0},"end":{"line":128,"column":65}},"128":{"start":{"line":129,"column":0},"end":{"line":129,"column":5}},"129":{"start":{"line":130,"column":0},"end":{"line":130,"column":0}},"130":{"start":{"line":131,"column":0},"end":{"line":131,"column":41}},"131":{"start":{"line":132,"column":0},"end":{"line":132,"column":22}},"132":{"start":{"line":133,"column":0},"end":{"line":133,"column":15}},"133":{"start":{"line":134,"column":0},"end":{"line":134,"column":19}},"134":{"start":{"line":135,"column":0},"end":{"line":135,"column":38}},"135":{"start":{"line":136,"column":0},"end":{"line":136,"column":0}},"136":{"start":{"line":137,"column":0},"end":{"line":137,"column":27}},"137":{"start":{"line":138,"column":0},"end":{"line":138,"column":57}},"138":{"start":{"line":139,"column":0},"end":{"line":139,"column":17}},"139":{"start":{"line":140,"column":0},"end":{"line":140,"column":47}},"140":{"start":{"line":141,"column":0},"end":{"line":141,"column":63}},"141":{"start":{"line":142,"column":0},"end":{"line":142,"column":3}},"142":{"start":{"line":143,"column":0},"end":{"line":143,"column":3}},"143":{"start":{"line":144,"column":0},"end":{"line":144,"column":0}},"144":{"start":{"line":145,"column":0},"end":{"line":145,"column":24}}},"s":{"0":5,"1":5,"2":5,"3":5,"4":5,"5":5,"6":5,"7":5,"8":5,"9":2,"10":2,"11":2,"12":2,"13":2,"14":2,"15":2,"16":2,"17":2,"18":1,"19":1,"20":1,"21":2,"22":2,"23":2,"24":2,"25":2,"26":2,"27":0,"28":0,"29":0,"30":5,"31":5,"32":5,"33":3,"34":3,"35":3,"36":3,"37":1,"38":1,"39":2,"40":2,"41":3,"42":2,"43":2,"44":1,"45":1,"46":2,"47":1,"48":1,"49":1,"50":1,"51":1,"52":1,"53":3,"54":3,"55":3,"56":3,"57":3,"58":3,"59":3,"60":1,"61":3,"62":1,"63":3,"64":0,"65":0,"66":0,"67":5,"68":5,"69":5,"70":3,"71":3,"72":3,"73":3,"74":3,"75":1,"76":1,"77":2,"78":3,"79":0,"80":0,"81":0,"82":0,"83":0,"84":2,"85":2,"86":2,"87":3,"88":3,"89":3,"90":2,"91":2,"92":2,"93":2,"94":2,"95":2,"96":2,"97":2,"98":2,"99":2,"100":3,"101":1,"102":1,"103":1,"104":0,"105":0,"106":1,"107":1,"108":3,"109":0,"110":0,"111":0,"112":5,"113":5,"114":5,"115":2,"116":2,"117":2,"118":2,"119":2,"120":2,"121":2,"122":2,"123":2,"124":2,"125":2,"126":2,"127":1,"128":1,"129":1,"130":1,"131":1,"132":1,"133":1,"134":1,"135":1,"136":2,"137":1,"138":2,"139":0,"140":0,"141":0,"142":5,"143":5,"144":5},"branchMap":{"0":{"type":"branch","line":1,"loc":{"start":{"line":1,"column":0},"end":{"line":145,"column":24}},"locations":[{"start":{"line":1,"column":0},"end":{"line":145,"column":24}}]},"1":{"type":"branch","line":9,"loc":{"start":{"line":9,"column":16},"end":{"line":31,"column":1}},"locations":[{"start":{"line":9,"column":16},"end":{"line":31,"column":1}}]},"2":{"type":"branch","line":18,"loc":{"start":{"line":18,"column":15},"end":{"line":18,"column":31}},"locations":[{"start":{"line":18,"column":15},"end":{"line":18,"column":31}}]},"3":{"type":"branch","line":18,"loc":{"start":{"line":18,"column":33},"end":{"line":21,"column":5}},"locations":[{"start":{"line":18,"column":33},"end":{"line":21,"column":5}}]},"4":{"type":"branch","line":25,"loc":{"start":{"line":25,"column":15},"end":{"line":25,"column":27}},"locations":[{"start":{"line":25,"column":15},"end":{"line":25,"column":27}}]},"5":{"type":"branch","line":26,"loc":{"start":{"line":26,"column":18},"end":{"line":26,"column":23}},"locations":[{"start":{"line":26,"column":18},"end":{"line":26,"column":23}}]},"6":{"type":"branch","line":27,"loc":{"start":{"line":27,"column":4},"end":{"line":30,"column":3}},"locations":[{"start":{"line":27,"column":4},"end":{"line":30,"column":3}}]},"7":{"type":"branch","line":33,"loc":{"start":{"line":33,"column":17},"end":{"line":68,"column":1}},"locations":[{"start":{"line":33,"column":17},"end":{"line":68,"column":1}}]},"8":{"type":"branch","line":37,"loc":{"start":{"line":37,"column":14},"end":{"line":37,"column":41}},"locations":[{"start":{"line":37,"column":14},"end":{"line":37,"column":41}}]},"9":{"type":"branch","line":37,"loc":{"start":{"line":37,"column":42},"end":{"line":37,"column":57}},"locations":[{"start":{"line":37,"column":42},"end":{"line":37,"column":57}}]},"10":{"type":"branch","line":37,"loc":{"start":{"line":37,"column":59},"end":{"line":39,"column":5}},"locations":[{"start":{"line":37,"column":59},"end":{"line":39,"column":5}}]},"11":{"type":"branch","line":40,"loc":{"start":{"line":40,"column":-1},"end":{"line":42,"column":42}},"locations":[{"start":{"line":40,"column":-1},"end":{"line":42,"column":42}}]},"12":{"type":"branch","line":42,"loc":{"start":{"line":42,"column":43},"end":{"line":42,"column":58}},"locations":[{"start":{"line":42,"column":43},"end":{"line":42,"column":58}}]},"13":{"type":"branch","line":42,"loc":{"start":{"line":42,"column":60},"end":{"line":47,"column":5}},"locations":[{"start":{"line":42,"column":60},"end":{"line":47,"column":5}}]},"14":{"type":"branch","line":44,"loc":{"start":{"line":44,"column":42},"end":{"line":46,"column":7}},"locations":[{"start":{"line":44,"column":42},"end":{"line":46,"column":7}}]},"15":{"type":"branch","line":48,"loc":{"start":{"line":48,"column":-1},"end":{"line":54,"column":35}},"locations":[{"start":{"line":48,"column":-1},"end":{"line":54,"column":35}}]},"16":{"type":"branch","line":54,"loc":{"start":{"line":54,"column":36},"end":{"line":54,"column":42}},"locations":[{"start":{"line":54,"column":36},"end":{"line":54,"column":42}}]},"17":{"type":"branch","line":55,"loc":{"start":{"line":55,"column":21},"end":{"line":55,"column":35}},"locations":[{"start":{"line":55,"column":21},"end":{"line":55,"column":35}}]},"18":{"type":"branch","line":55,"loc":{"start":{"line":55,"column":36},"end":{"line":55,"column":42}},"locations":[{"start":{"line":55,"column":36},"end":{"line":55,"column":42}}]},"19":{"type":"branch","line":56,"loc":{"start":{"line":56,"column":25},"end":{"line":56,"column":41}},"locations":[{"start":{"line":56,"column":25},"end":{"line":56,"column":41}}]},"20":{"type":"branch","line":56,"loc":{"start":{"line":56,"column":42},"end":{"line":56,"column":48}},"locations":[{"start":{"line":56,"column":42},"end":{"line":56,"column":48}}]},"21":{"type":"branch","line":61,"loc":{"start":{"line":61,"column":-1},"end":{"line":62,"column":15}},"locations":[{"start":{"line":61,"column":-1},"end":{"line":62,"column":15}}]},"22":{"type":"branch","line":62,"loc":{"start":{"line":62,"column":15},"end":{"line":62,"column":27}},"locations":[{"start":{"line":62,"column":15},"end":{"line":62,"column":27}}]},"23":{"type":"branch","line":63,"loc":{"start":{"line":63,"column":-1},"end":{"line":64,"column":4}},"locations":[{"start":{"line":63,"column":-1},"end":{"line":64,"column":4}}]},"24":{"type":"branch","line":64,"loc":{"start":{"line":64,"column":4},"end":{"line":67,"column":3}},"locations":[{"start":{"line":64,"column":4},"end":{"line":67,"column":3}}]},"25":{"type":"branch","line":70,"loc":{"start":{"line":70,"column":19},"end":{"line":113,"column":1}},"locations":[{"start":{"line":70,"column":19},"end":{"line":113,"column":1}}]},"26":{"type":"branch","line":75,"loc":{"start":{"line":75,"column":55},"end":{"line":77,"column":5}},"locations":[{"start":{"line":75,"column":55},"end":{"line":77,"column":5}}]},"27":{"type":"branch","line":78,"loc":{"start":{"line":78,"column":-1},"end":{"line":79,"column":14}},"locations":[{"start":{"line":78,"column":-1},"end":{"line":79,"column":14}}]},"28":{"type":"branch","line":79,"loc":{"start":{"line":79,"column":14},"end":{"line":79,"column":42}},"locations":[{"start":{"line":79,"column":14},"end":{"line":79,"column":42}}]},"29":{"type":"branch","line":79,"loc":{"start":{"line":79,"column":43},"end":{"line":79,"column":58}},"locations":[{"start":{"line":79,"column":43},"end":{"line":79,"column":58}}]},"30":{"type":"branch","line":79,"loc":{"start":{"line":79,"column":60},"end":{"line":84,"column":5}},"locations":[{"start":{"line":79,"column":60},"end":{"line":84,"column":5}}]},"31":{"type":"branch","line":85,"loc":{"start":{"line":85,"column":-1},"end":{"line":88,"column":29}},"locations":[{"start":{"line":85,"column":-1},"end":{"line":88,"column":29}}]},"32":{"type":"branch","line":88,"loc":{"start":{"line":88,"column":29},"end":{"line":88,"column":76}},"locations":[{"start":{"line":88,"column":29},"end":{"line":88,"column":76}}]},"33":{"type":"branch","line":89,"loc":{"start":{"line":89,"column":-1},"end":{"line":89,"column":29}},"locations":[{"start":{"line":89,"column":-1},"end":{"line":89,"column":29}}]},"34":{"type":"branch","line":89,"loc":{"start":{"line":89,"column":29},"end":{"line":89,"column":76}},"locations":[{"start":{"line":89,"column":29},"end":{"line":89,"column":76}}]},"35":{"type":"branch","line":89,"loc":{"start":{"line":89,"column":69},"end":{"line":89,"column":75}},"locations":[{"start":{"line":89,"column":69},"end":{"line":89,"column":75}}]},"36":{"type":"branch","line":90,"loc":{"start":{"line":90,"column":-1},"end":{"line":90,"column":31}},"locations":[{"start":{"line":90,"column":-1},"end":{"line":90,"column":31}}]},"37":{"type":"branch","line":90,"loc":{"start":{"line":90,"column":31},"end":{"line":90,"column":84}},"locations":[{"start":{"line":90,"column":31},"end":{"line":90,"column":84}}]},"38":{"type":"branch","line":91,"loc":{"start":{"line":91,"column":-1},"end":{"line":101,"column":15}},"locations":[{"start":{"line":91,"column":-1},"end":{"line":101,"column":15}}]},"39":{"type":"branch","line":101,"loc":{"start":{"line":101,"column":15},"end":{"line":109,"column":4}},"locations":[{"start":{"line":101,"column":15},"end":{"line":109,"column":4}}]},"40":{"type":"branch","line":105,"loc":{"start":{"line":105,"column":-1},"end":{"line":106,"column":5}},"locations":[{"start":{"line":105,"column":-1},"end":{"line":106,"column":5}}]},"41":{"type":"branch","line":109,"loc":{"start":{"line":109,"column":4},"end":{"line":112,"column":3}},"locations":[{"start":{"line":109,"column":4},"end":{"line":112,"column":3}}]},"42":{"type":"branch","line":115,"loc":{"start":{"line":115,"column":22},"end":{"line":143,"column":1}},"locations":[{"start":{"line":115,"column":22},"end":{"line":143,"column":1}}]},"43":{"type":"branch","line":127,"loc":{"start":{"line":127,"column":18},"end":{"line":127,"column":30}},"locations":[{"start":{"line":127,"column":18},"end":{"line":127,"column":30}}]},"44":{"type":"branch","line":127,"loc":{"start":{"line":127,"column":32},"end":{"line":137,"column":15}},"locations":[{"start":
[...]
ine":243,"column":0},"end":{"line":243,"column":0}},"243":{"start":{"line":244,"column":0},"end":{"line":244,"column":64}},"244":{"start":{"line":245,"column":0},"end":{"line":245,"column":0}},"245":{"start":{"line":246,"column":0},"end":{"line":246,"column":23}},"246":{"start":{"line":247,"column":0},"end":{"line":247,"column":50}},"247":{"start":{"line":248,"column":0},"end":{"line":248,"column":6}},"248":{"start":{"line":249,"column":0},"end":{"line":249,"column":65}},"249":{"start":{"line":250,"column":0},"end":{"line":250,"column":32}},"250":{"start":{"line":251,"column":0},"end":{"line":251,"column":27}},"251":{"start":{"line":252,"column":0},"end":{"line":252,"column":27}},"252":{"start":{"line":253,"column":0},"end":{"line":253,"column":20}},"253":{"start":{"line":254,"column":0},"end":{"line":254,"column":31}},"254":{"start":{"line":255,"column":0},"end":{"line":255,"column":45}},"255":{"start":{"line":256,"column":0},"end":{"line":256,"column":48}},"256":{"start":{"line":257,"column":0},"end":{"line":257,"column":12}},"257":{"start":{"line":258,"column":0},"end":{"line":258,"column":38}},"258":{"start":{"line":259,"column":0},"end":{"line":259,"column":0}},"259":{"start":{"line":260,"column":0},"end":{"line":260,"column":40}},"260":{"start":{"line":261,"column":0},"end":{"line":261,"column":37}},"261":{"start":{"line":262,"column":0},"end":{"line":262,"column":58}},"262":{"start":{"line":263,"column":0},"end":{"line":263,"column":61}},"263":{"start":{"line":264,"column":0},"end":{"line":264,"column":16}},"264":{"start":{"line":265,"column":0},"end":{"line":265,"column":55}},"265":{"start":{"line":266,"column":0},"end":{"line":266,"column":9}},"266":{"start":{"line":267,"column":0},"end":{"line":267,"column":0}},"267":{"start":{"line":268,"column":0},"end":{"line":268,"column":36}},"268":{"start":{"line":269,"column":0},"end":{"line":269,"column":27}},"269":{"start":{"line":270,"column":0},"end":{"line":270,"column":24}},"270":{"start":{"line":271,"column":0},"end":{"line":271,"column":20}},"271":{"start":{"line":272,"column":0},"end":{"line":272,"column":44}},"272":{"start":{"line":273,"column":0},"end":{"line":273,"column":42}},"273":{"start":{"line":274,"column":0},"end":{"line":274,"column":61}},"274":{"start":{"line":275,"column":0},"end":{"line":275,"column":48}},"275":{"start":{"line":276,"column":0},"end":{"line":276,"column":12}},"276":{"start":{"line":277,"column":0},"end":{"line":277,"column":37}},"277":{"start":{"line":278,"column":0},"end":{"line":278,"column":7}},"278":{"start":{"line":279,"column":0},"end":{"line":279,"column":12}},"279":{"start":{"line":280,"column":0},"end":{"line":280,"column":41}},"280":{"start":{"line":281,"column":0},"end":{"line":281,"column":26}},"281":{"start":{"line":282,"column":0},"end":{"line":282,"column":25}},"282":{"start":{"line":283,"column":0},"end":{"line":283,"column":18}},"283":{"start":{"line":284,"column":0},"end":{"line":284,"column":44}},"284":{"start":{"line":285,"column":0},"end":{"line":285,"column":43}},"285":{"start":{"line":286,"column":0},"end":{"line":286,"column":46}},"286":{"start":{"line":287,"column":0},"end":{"line":287,"column":10}},"287":{"start":{"line":288,"column":0},"end":{"line":288,"column":36}},"288":{"start":{"line":289,"column":0},"end":{"line":289,"column":5}},"289":{"start":{"line":290,"column":0},"end":{"line":290,"column":0}},"290":{"start":{"line":291,"column":0},"end":{"line":291,"column":14}},"291":{"start":{"line":292,"column":0},"end":{"line":292,"column":28}},"292":{"start":{"line":293,"column":0},"end":{"line":293,"column":36}},"293":{"start":{"line":294,"column":0},"end":{"line":294,"column":7}},"294":{"start":{"line":295,"column":0},"end":{"line":295,"column":17}},"295":{"start":{"line":296,"column":0},"end":{"line":296,"column":59}},"296":{"start":{"line":297,"column":0},"end":{"line":297,"column":77}},"297":{"start":{"line":298,"column":0},"end":{"line":298,"column":3}},"298":{"start":{"line":299,"column":0},"end":{"line":299,"column":3}},"299":{"start":{"line":300,"column":0},"end":{"line":300,"column":0}},"300":{"start":{"line":301,"column":0},"end":{"line":301,"column":24}}},"s":{"0":5,"1":5,"2":5,"3":5,"4":5,"5":5,"6":5,"7":5,"8":5,"9":5,"10":5,"11":5,"12":5,"13":1,"14":1,"15":4,"16":4,"17":4,"18":4,"19":4,"20":4,"21":4,"22":4,"23":4,"24":5,"25":1,"26":1,"27":3,"28":5,"29":1,"30":1,"31":2,"32":2,"33":2,"34":2,"35":2,"36":2,"37":2,"38":2,"39":2,"40":2,"41":2,"42":2,"43":2,"44":2,"45":2,"46":2,"47":2,"48":2,"49":2,"50":2,"51":2,"52":2,"53":5,"54":1,"55":1,"56":1,"57":1,"58":1,"59":1,"60":1,"61":1,"62":1,"63":1,"64":1,"65":1,"66":1,"67":1,"68":1,"69":1,"70":1,"71":5,"72":0,"73":0,"74":0,"75":0,"76":1,"77":1,"78":1,"79":1,"80":1,"81":1,"82":5,"83":0,"84":0,"85":0,"86":5,"87":5,"88":5,"89":2,"90":2,"91":2,"92":2,"93":0,"94":0,"95":2,"96":2,"97":2,"98":2,"99":2,"100":2,"101":2,"102":2,"103":2,"104":2,"105":2,"106":2,"107":0,"108":0,"109":0,"110":2,"111":2,"112":2,"113":2,"114":1,"115":1,"116":1,"117":1,"118":1,"119":1,"120":1,"121":1,"122":1,"123":1,"124":1,"125":1,"126":1,"127":1,"128":1,"129":1,"130":1,"131":1,"132":1,"133":1,"134":1,"135":1,"136":1,"137":1,"138":1,"139":1,"140":1,"141":1,"142":1,"143":1,"144":1,"145":2,"146":2,"147":2,"148":2,"149":2,"150":2,"151":2,"152":0,"153":0,"154":0,"155":5,"156":5,"157":5,"158":5,"159":5,"160":3,"161":3,"162":3,"163":3,"164":1,"165":1,"166":3,"167":0,"168":0,"169":2,"170":3,"171":3,"172":3,"173":3,"174":3,"175":3,"176":3,"177":3,"178":3,"179":3,"180":3,"181":3,"182":3,"183":3,"184":3,"185":3,"186":3,"187":3,"188":3,"189":3,"190":2,"191":2,"192":2,"193":3,"194":0,"195":0,"196":0,"197":2,"198":2,"199":2,"200":2,"201":2,"202":2,"203":2,"204":2,"205":2,"206":2,"207":2,"208":2,"209":2,"210":2,"211":2,"212":2,"213":2,"214":3,"215":0,"216":0,"217":0,"218":5,"219":5,"220":5,"221":1,"222":1,"223":1,"224":1,"225":0,"226":0,"227":1,"228":1,"229":1,"230":1,"231":1,"232":1,"233":1,"234":1,"235":1,"236":1,"237":1,"238":1,"239":0,"240":0,"241":0,"242":1,"243":1,"244":1,"245":1,"246":1,"247":1,"248":1,"249":1,"250":1,"251":1,"252":1,"253":1,"254":1,"255":1,"256":1,"257":1,"258":1,"259":1,"260":1,"261":1,"262":0,"263":1,"264":1,"265":1,"266":1,"267":1,"268":1,"269":1,"270":1,"271":1,"272":1,"273":1,"274":1,"275":1,"276":1,"277":1,"278":1,"279":0,"280":0,"281":0,"282":0,"283":0,"284":0,"285":0,"286":0,"287":0,"288":0,"289":1,"290":1,"291":1,"292":1,"293":1,"294":1,"295":0,"296":0,"297":0,"298":5,"299":5,"300":5},"branchMap":{"0":{"type":"branch","line":1,"loc":{"start":{"line":1,"column":0},"end":{"line":301,"column":24}},"locations":[{"start":{"line":1,"column":0},"end":{"line":301,"column":24}}]},"1":{"type":"branch","line":9,"loc":{"start":{"line":9,"column":27},"end":{"line":87,"column":1}},"locations":[{"start":{"line":9,"column":27},"end":{"line":87,"column":1}}]},"2":{"type":"branch","line":13,"loc":{"start":{"line":13,"column":19},"end":{"line":13,"column":28}},"locations":[{"start":{"line":13,"column":19},"end":{"line":13,"column":28}}]},"3":{"type":"branch","line":13,"loc":{"start":{"line":13,"column":30},"end":{"line":15,"column":5}},"locations":[{"start":{"line":13,"column":30},"end":{"line":15,"column":5}}]},"4":{"type":"branch","line":16,"loc":{"start":{"line":16,"column":-1},"end":{"line":25,"column":18}},"locations":[{"start":{"line":16,"column":-1},"end":{"line":25,"column":18}}]},"5":{"type":"branch","line":25,"loc":{"start":{"line":25,"column":18},"end":{"line":25,"column":29}},"locations":[{"start":{"line":25,"column":18},"end":{"line":25,"column":29}}]},"6":{"type":"branch","line":25,"loc":{"start":{"line":25,"column":31},"end":{"line":27,"column":5}},"locations":[{"start":{"line":25,"column":31},"end":{"line":27,"column":5}}]},"7":{"type":"branch","line":28,"loc":{"start":{"line":28,"column":-1},"end":{"line":29,"column":35}},"locations":[{"start":{"line":28,"column":-1},"end":{"line":29,"column":35}}]},"8":{"type":"branch","line":29,"loc":{"start":{"line":29,"column":35},"end":{"line":31,"column":5}},"locations":[{"start":{"line":29,"column":35},"end":{"line":31,"column":5}}]},"9":{"type":"branch","line":32,"loc":{"start":{"line":32,"column":-1},"end":{"line":54,"column":29}},"locations":[{"start":{"line":32,"column":-1},"end":{"line":54,"column":29}}]},"10":{"type":"branch","line":54,"loc":{"start":{"line":54,"column":29},"end":{"line":54,"column":52}},"locations":[{"start":{"line":54,"column":29},"end":{"line":54,"column":52}}]},"11":{"type":"branch","line":54,"loc":{"start":{"line":54,"column":54},"end":{"line":72,"column":21}},"locations":[{"start":{"line":54,"column":54},"end":{"line":72,"column":21}}]},"12":{"type":"branch","line":72,"loc":{"start":{"line":72,"column":21},"end":{"line":76,"column":5}},"locations":[{"start":{"line":72,"column":21},"end":{"line":76,"column":5}}]},"13":{"type":"branch","line":77,"loc":{"start":{"line":77,"column":-1},"end":{"line":83,"column":4}},"locations":[{"start":{"line":77,"column":-1},"end":{"line":83,"column":4}}]},"14":{"type":"branch","line":83,"loc":{"start":{"line":83,"column":4},"end":{"line":86,"column":3}},"locations":[{"start":{"line":83,"column":4},"end":{"line":86,"column":3}}]},"15":{"type":"branch","line":89,"loc":{"start":{"line":89,"column":33},"end":{"line":156,"column":1}},"locations":[{"start":{"line":89,"column":33},"end":{"line":156,"column":1}}]},"16":{"type":"branch","line":93,"loc":{"start":{"line":93,"column":20},"end":{"line":95,"column":5}},"locations":[{"start":{"line":93,"column":20},"end":{"line":95,"column":5}}]},"17":{"type":"branch","line":107,"loc":{"start":{"line":107,"column":54},"end":{"line":110,"column":5}},"locations":[{"start":{"line":107,"column":54},"end":{"line":110,"column":5}}]},"18":{"type":"branch","line":114,"loc":{"start":{"line":114,"column":22},"end":{"line":145,"column":5}},"locations":[{"start":{"line":114,"column":22},"end":{"line":145,"column":5}}]},"19":{"type":"branch","line":152,"loc":{"start":{"line":152,"column":4},"end":{"line":155,"column":3}},"locations":[{"start":{"line":152,"column":4},"end":{"line":155,"column":3}}]},"20":{"type":"branch","line":160,"loc":{"start":{"line":160,"column":26},"end":{"line":219,"column":1}},"locations":[{"start":{"line":160,"column":26},"end":{"line":219,"column":1}}]},"21":{"type":"branch","line":164,"loc":{"start":{"line":164,"column":56},"end":{"line":166,"column":5}},"locations":[{"start":{"line":164,"column":56},"end":{"line":166,"column":5}}]},"22":{"type":"branch","line":167,"loc":{"start":{"line":167,"column":-1},"end":{"line":167,"column":16}},"locations":[{"start":{"line":167,"column":-1},"end":{"line":167,"column":16}}]},"23":{"type":"branch","line":167,"loc":{"start":{"line":167,"column":16},"end":{"line":169,"column":5}},"locations":[{"start":{"line":167,"column":16},"end":{"line":169,"column":5}}]},"24":{"type":"branch","line":170,"loc":{"start":{"line":170,"column":-1},"end":{"line":171,"column":43}},"locations":[{"start":{"line":170,"column":-1},"end":{"line":171,"column":43}}]},"25":{"type":"branch","line":171,"loc":{"start":{"line":171,"column":43},"end":{"line":171,"column":56}},"locations":[{"start":{"line":171,"column":43},"end":{"line":171,"column":56}}]},"26":{"type":"branch","line":171,"loc":{"start":{"line":171,"column":57},"end":{"line":171,"column":69}},"locations":[{"start":{"line":171,"column":57},"end":{"line":171,"column":69}}]},"27":{"type":"branch","line":191,"loc":{"start":{"line":191,"column":-1},"end":{"line":194,"column":52}},"locations":[{"start":{"line":191,"column":-1},"end":{"line":194,"column":52}}]},"28":{"type":"branch","line":194,"loc":{"start":{"line":194,"column":54},"end":{"line":197,"column":5}},"locations":[{"start":{"line":194,"column":54},"end":{"line":197,"column":5}}]},"29":{"type":"branch","line":198,"loc":{"start":{"line":198,"column":-1},"end":{"line":215,"column":4}},"locations":[{"start":{"line":198,"column":-1},"end":{"line":215,"column":4}}]},"30":{"type":"branch","line":215,"loc":{"start":{"line":215,"column":4},"end":{"line":218,"column":3}},"locations":[{"start":{"line":215,"column":4},"end":{"line":218,"column":3}}]},"31":{"type":"branch","line":221,"loc":{"start":{"line":221,"column":46},"end":{"line":299,"column":1}},"locations":[{"start":{"line":221,"column":46},"end":{"line":299,"column":1}}]},"32":{"type":"branch","line":225,"loc":{"start":{"line":225,"column":20},"end":{"line":227,"column":5}},"locations":[{"start":{"line":225,"column":20},"end":{"line":227,"column":5}}]},"33":{"type":"branch","line":239,"loc":{"start":{"line":239,"column":54},"end":{"line":242,"column":5}},"locations":[{"start":{"line":239,"column":54},"end":{"line":242,"column":5}}]},"34":{"type":"branch","line":262,"loc":{"start":{"line":262,"column":57},"end":{"line":264,"column":9}},"locations":[{"start":{"line":262,"column":57},"end":{"line":264,"column":9}}]},"35":{"type":"branch","line":279,"loc":{"start":{"line":279,"column":5},"end":{"line":289,"column":5}},"locations":[{"start":{"line":279,"column":5},"end":{"line":289,"column":5}}]},"36":{"type":"branch","line":295,"loc":{"start":{"line":295,"column":4},"end":{"line":298,"column":3}},"locations":[{"start":{"line":295,"column":4},"end":{"line":298,"column":3}}]}},"b":{"0":[5],"1":[5],"2":[4],"3":[1],"4":[4],"5":[3],"6":[1],"7":[3],"8":[1],"9":[2],"10":[1],"11":[1],"12":[0],"13":[1],"14":[0],"15":[2],"16":[0],"17":[0],"18":[1],"19":[0],"20":[3],"21":[1],"22":[2],"23":[0],"24":[2],"25":[1],"26":[1],"27":[2],"28":[0],"29":[2],"30":[0],"31":[1],"32":[0],"33":[0],"34":[0],"35":[0],"36":[0]},"fnMap":{},"f":{}}
,"/Users/uche/Documents/CODE/Involink genera/involink_backend/src/routes/webhooks.js": {"path":"/Users/uche/Documents/CODE/Involink genera/involink_backend/src/routes/webhooks.js","all":false,"statementMap":{"0":{"start":{"line":1,"column":0},"end":{"line":1,"column":35}},"1":{"start":{"line":2,"column":0},"end":{"line":2,"column":33}},"2":{"start":{"line":3,"column":0},"end":{"line":3,"column":53}},"3":{"start":{"line":4,"column":0},"end":{"line":4,"column":0}},"4":{"start":{"line":5,"column":0},"end":{"line":5,"column":32}},"5":{"start":{"line":6,"column":0},"end":{"line":6,"column":0}},"6":{"start":{"line":7,"column":0},"end":{"line":7,"column":28}},"7":{"start":{"line":8,"column":0},"end":{"line":8,"column":89}},"8":{"start":{"line":9,"column":0},"end":{"line":9,"column":90}},"9":{"start":{"line":10,"column":0},"end":{"line":10,"column":89}},"10":{"start":{"line":11,"column":0},"end":{"line":11,"column":98}},"11":{"start":{"line":12,"column":0},"end":{"line":12,"column":89}},"12":{"start":{"line":13,"column":0},"end":{"line":13,"column":7}},"13":{"start":{"line":14,"column":0},"end":{"line":14,"column":90}},"14":{"start":{"line":15,"column":0},"end":{"line":15,"column":4}},"15":{"start":{"line":16,"column":0},"end":{"line":16,"column":21}},"16":{"start":{"line":17,"column":0},"end":{"line":17,"column":84}},"17":{"start":{"line":18,"column":0},"end":{"line":18,"column":4}},"18":{"start":{"line":19,"column":0},"end":{"line":19,"column":55}},"19":{"start":{"line":20,"column":0},"end":{"line":20,"column":57}},"20":{"start":{"line":21,"column":0},"end":{"line":21,"column":55}},"21":{"start":{"line":22,"column":0},"end":{"line":22,"column":5}},"22":{"start":{"line":23,"column":0},"end":{"line":23,"column":0}},"23":{"start":{"line":24,"column":0},"end":{"line":24,"column":27}},"24":{"start":{"line":25,"column":0},"end":{"line":25,"column":50}},"25":{"start":{"line":26,"column":0},"end":{"line":26,"column":0}},"26":{"start":{"line":27,"column":0},"end":{"line":27,"column":43}},"27":{"start":{"line":28,"column":0},"end":{"line":28,"column":30}},"28":{"start":{"line":29,"column":0},"end":{"line":29,"column":50}},"29":{"start":{"line":30,"column":0},"end":{"line":30,"column":39}},"30":{"start":{"line":31,"column":0},"end":{"line":31,"column":0}},"31":{"start":{"line":32,"column":0},"end":{"line":32,"column":22}},"32":{"start":{"line":33,"column":0},"end":{"line":33,"column":32}},"33":{"start":{"line":34,"column":0},"end":{"line":34,"column":27}},"34":{"start":{"line":35,"column":0},"end":{"line":35,"column":27}},"35":{"start":{"line":36,"column":0},"end":{"line":36,"column":20}},"36":{"start":{"line":37,"column":0},"end":{"line":37,"column":31}},"37":{"start":{"line":38,"column":0},"end":{"line":38,"column":32}},"38":{"start":{"line":39,"column":0},"end":{"line":39,"column":48}},"39":{"start":{"line":40,"column":0},"end":{"line":40,"column":12}},"40":{"start":{"line":41,"column":0},"end":{"line":41,"column":38}},"41":{"start":{"line":42,"column":0},"end":{"line":42,"column":0}},"42":{"start":{"line":43,"column":0},"end":{"line":43,"column":25}},"43":{"start":{"line":44,"column":0},"end":{"line":44,"column":27}},"44":{"start":{"line":45,"column":0},"end":{"line":45,"column":27}},"45":{"start":{"line":46,"column":0},"end":{"line":46,"column":72}},"46":{"start":{"line":47,"column":0},"end":{"line":47,"column":31}},"47":{"start":{"line":48,"column":0},"end":{"line":48,"column":10}},"48":{"start":{"line":49,"column":0},"end":{"line":49,"column":98}},"49":{"start":{"line":50,"column":0},"end":{"line":50,"column":7}},"50":{"start":{"line":51,"column":0},"end":{"line":51,"column":5}},"51":{"start":{"line":52,"column":0},"end":{"line":52,"column":0}},"52":{"start":{"line":53,"column":0},"end":{"line":53,"column":43}},"53":{"start":{"line":54,"column":0},"end":{"line":54,"column":58}},"54":{"start":{"line":55,"column":0},"end":{"line":55,"column":17}},"55":{"start":{"line":56,"column":0},"end":{"line":56,"column":41}},"56":{"start":{"line":57,"column":0},"end":{"line":57,"column":42}},"57":{"start":{"line":58,"column":0},"end":{"line":58,"column":3}},"58":{"start":{"line":59,"column":0},"end":{"line":59,"column":3}},"59":{"start":{"line":60,"column":0},"end":{"line":60,"column":0}},"60":{"start":{"line":61,"column":0},"end":{"line":61,"column":24}}},"s":{"0":5,"1":5,"2":5,"3":5,"4":5,"5":5,"6":5,"7":5,"8":5,"9":5,"10":5,"11":5,"12":4,"13":4,"14":4,"15":4,"16":4,"17":4,"18":4,"19":1,"20":1,"21":1,"22":3,"23":3,"24":3,"25":3,"26":4,"27":2,"28":2,"29":2,"30":2,"31":2,"32":1,"33":1,"34":1,"35":1,"36":1,"37":1,"38":1,"39":1,"40":1,"41":1,"42":1,"43":1,"44":1,"45":1,"46":1,"47":1,"48":1,"49":1,"50":2,"51":3,"52":3,"53":3,"54":4,"55":0,"56":0,"57":0,"58":5,"59":5,"60":5},"branchMap":{"0":{"type":"branch","line":1,"loc":{"start":{"line":1,"column":0},"end":{"line":61,"column":24}},"locations":[{"start":{"line":1,"column":0},"end":{"line":61,"column":24}}]},"1":{"type":"branch","line":12,"loc":{"start":{"line":12,"column":68},"end":{"line":59,"column":1}},"locations":[{"start":{"line":12,"column":68},"end":{"line":59,"column":1}}]},"2":{"type":"branch","line":14,"loc":{"start":{"line":14,"column":55},"end":{"line":14,"column":89}},"locations":[{"start":{"line":14,"column":55},"end":{"line":14,"column":89}}]},"3":{"type":"branch","line":19,"loc":{"start":{"line":19,"column":54},"end":{"line":22,"column":5}},"locations":[{"start":{"line":19,"column":54},"end":{"line":22,"column":5}}]},"4":{"type":"branch","line":23,"loc":{"start":{"line":23,"column":-1},"end":{"line":27,"column":42}},"locations":[{"start":{"line":23,"column":-1},"end":{"line":27,"column":42}}]},"5":{"type":"branch","line":27,"loc":{"start":{"line":27,"column":42},"end":{"line":51,"column":5}},"locations":[{"start":{"line":27,"column":42},"end":{"line":51,"column":5}}]},"6":{"type":"branch","line":32,"loc":{"start":{"line":32,"column":21},"end":{"line":50,"column":7}},"locations":[{"start":{"line":32,"column":21},"end":{"line":50,"column":7}}]},"7":{"type":"branch","line":52,"loc":{"start":{"line":52,"column":-1},"end":{"line":55,"column":4}},"locations":[{"start":{"line":52,"column":-1},"end":{"line":55,"column":4}}]},"8":{"type":"branch","line":55,"loc":{"start":{"line":55,"column":4},"end":{"line":58,"column":3}},"locations":[{"start":{"line":55,"column":4},"end":{"line":58,"column":3}}]}},"b":{"0":[5],"1":[4],"2":[0],"3":[1],"4":[3],"5":[2],"6":[1],"7":[3],"8":[0]},"fnMap":{},"f":{}}
}
